<?xml version="1.0" encoding="UTF-8"?>
<testsuite name="features.parallel.Runner.Runner" tests="1" skipped="0" failures="0" errors="0" timestamp="2024-08-23T21:52:27" hostname="LAPTOP-KK6IIOQ2" time="5.925">
  <properties/>
  <testcase name="testParallel()" classname="features.parallel.Runner.Runner" time="5.925"/>
  <system-out><![CDATA[16:52:27.693 [Test worker] DEBUG com.intuit.karate.Suite - [config] classpath:karate-config.js
16:52:27.724 [Test worker] INFO com.intuit.karate.Suite - backed up existing 'build\karate-reports' dir to: build\karate-reports_1724449947709
16:52:27.724 [Test worker] DEBUG com.intuit.karate.Suite - waiting for 7 features to complete
16:52:28.944 [pool-1-thread-3] INFO com.intuit.karate - karate.env system property was: null 
16:52:28.944 [pool-1-thread-4] INFO com.intuit.karate - karate.env system property was: null 
16:52:28.944 [pool-1-thread-2] INFO com.intuit.karate - karate.env system property was: null 
16:52:28.944 [pool-1-thread-5] INFO com.intuit.karate - karate.env system property was: null 
16:52:28.944 [pool-1-thread-1] INFO com.intuit.karate - karate.env system property was: null 
16:52:28.959 [pool-1-thread-2] INFO com.intuit.karate - >> lock acquired, begin callSingle: classpath:features/token/createToken.feature
16:52:29.039 [pool-1-thread-2] DEBUG com.jayway.jsonpath.internal.path.CompiledPath - Evaluating path: $
16:52:29.056 [pool-1-thread-2] DEBUG com.jayway.jsonpath.internal.path.CompiledPath - Evaluating path: $
16:52:29.102 [pool-1-thread-2] DEBUG karate.io.netty.util.internal.logging.InternalLoggerFactory - Using SLF4J as the default logging framework
16:52:29.102 [pool-1-thread-2] DEBUG karate.io.netty.util.internal.PlatformDependent - Platform: Windows
16:52:29.102 [pool-1-thread-2] DEBUG karate.io.netty.util.internal.PlatformDependent0 - -Dio.netty.noUnsafe: false
16:52:29.102 [pool-1-thread-2] DEBUG karate.io.netty.util.internal.PlatformDependent0 - Java version: 8
16:52:29.102 [pool-1-thread-2] DEBUG karate.io.netty.util.internal.PlatformDependent0 - sun.misc.Unsafe.theUnsafe: available
16:52:29.102 [pool-1-thread-2] DEBUG karate.io.netty.util.internal.PlatformDependent0 - sun.misc.Unsafe.copyMemory: available
16:52:29.102 [pool-1-thread-2] DEBUG karate.io.netty.util.internal.PlatformDependent0 - java.nio.Buffer.address: available
16:52:29.102 [pool-1-thread-2] DEBUG karate.io.netty.util.internal.PlatformDependent0 - direct buffer constructor: available
16:52:29.102 [pool-1-thread-2] DEBUG karate.io.netty.util.internal.PlatformDependent0 - java.nio.Bits.unaligned: available, true
16:52:29.102 [pool-1-thread-2] DEBUG karate.io.netty.util.internal.PlatformDependent0 - jdk.internal.misc.Unsafe.allocateUninitializedArray(int): unavailable prior to Java9
16:52:29.102 [pool-1-thread-2] DEBUG karate.io.netty.util.internal.PlatformDependent0 - java.nio.DirectByteBuffer.<init>(long, int): available
16:52:29.102 [pool-1-thread-2] DEBUG karate.io.netty.util.internal.PlatformDependent - sun.misc.Unsafe: available
16:52:29.102 [pool-1-thread-2] DEBUG karate.io.netty.util.internal.PlatformDependent - -Dio.netty.tmpdir: C:\Users\nanit\AppData\Local\Temp (java.io.tmpdir)
16:52:29.102 [pool-1-thread-2] DEBUG karate.io.netty.util.internal.PlatformDependent - -Dio.netty.bitMode: 64 (sun.arch.data.model)
16:52:29.102 [pool-1-thread-2] DEBUG karate.io.netty.util.internal.PlatformDependent - -Dio.netty.maxDirectMemory: 477626368 bytes
16:52:29.102 [pool-1-thread-2] DEBUG karate.io.netty.util.internal.PlatformDependent - -Dio.netty.uninitializedArrayAllocationThreshold: -1
16:52:29.102 [pool-1-thread-2] DEBUG karate.io.netty.util.internal.CleanerJava6 - java.nio.ByteBuffer.cleaner(): available
16:52:29.102 [pool-1-thread-2] DEBUG karate.io.netty.util.internal.PlatformDependent - -Dio.netty.noPreferDirect: false
16:52:29.641 [pool-1-thread-2] DEBUG karate.org.apache.http.client.protocol.RequestAddCookies - CookieSpec selected: karate
16:52:29.641 [pool-1-thread-2] DEBUG karate.org.apache.http.client.protocol.RequestAuthCache - Auth cache not set in the context
16:52:29.641 [pool-1-thread-2] DEBUG com.intuit.karate - request:
1 > POST https://restful-booker.herokuapp.com/auth
1 > Accept: application/json
1 > Content-Type: application/json; charset=UTF-8
1 > Content-Length: 45
1 > Host: restful-booker.herokuapp.com
1 > Connection: Keep-Alive
1 > User-Agent: Apache-HttpClient/4.5.13 (Java/1.8.0_321)
1 > Accept-Encoding: gzip,deflate
{
  "username": "admin",
  "password": "password123"
}


16:52:29.657 [pool-1-thread-2] DEBUG karate.org.apache.http.impl.conn.PoolingHttpClientConnectionManager - Connection request: [route: {s}->https://restful-booker.herokuapp.com:443][total available: 0; route allocated: 0 of 5; total allocated: 0 of 10]
16:52:29.657 [pool-1-thread-2] DEBUG karate.org.apache.http.impl.conn.PoolingHttpClientConnectionManager - Connection leased: [id: 0][route: {s}->https://restful-booker.herokuapp.com:443][total available: 0; route allocated: 1 of 5; total allocated: 1 of 10]
16:52:29.657 [pool-1-thread-2] DEBUG karate.org.apache.http.impl.execchain.MainClientExec - Opening connection {s}->https://restful-booker.herokuapp.com:443
16:52:29.736 [pool-1-thread-2] DEBUG karate.org.apache.http.impl.conn.DefaultHttpClientConnectionOperator - Connecting to restful-booker.herokuapp.com/23.22.130.173:443
16:52:29.736 [pool-1-thread-2] DEBUG karate.org.apache.http.conn.ssl.SSLConnectionSocketFactory - Connecting socket to restful-booker.herokuapp.com/23.22.130.173:443 with timeout 30000
16:52:29.863 [pool-1-thread-2] DEBUG karate.org.apache.http.conn.ssl.SSLConnectionSocketFactory - Enabled protocols: [TLSv1.2]
16:52:29.863 [pool-1-thread-2] DEBUG karate.org.apache.http.conn.ssl.SSLConnectionSocketFactory - Enabled cipher suites:[TLS_ECDHE_ECDSA_WITH_AES_256_GCM_SHA384, TLS_ECDHE_ECDSA_WITH_AES_128_GCM_SHA256, TLS_ECDHE_RSA_WITH_AES_256_GCM_SHA384, TLS_ECDHE_RSA_WITH_AES_128_GCM_SHA256, TLS_DHE_RSA_WITH_AES_256_GCM_SHA384, TLS_DHE_DSS_WITH_AES_256_GCM_SHA384, TLS_DHE_RSA_WITH_AES_128_GCM_SHA256, TLS_DHE_DSS_WITH_AES_128_GCM_SHA256, TLS_ECDHE_ECDSA_WITH_AES_256_CBC_SHA384, TLS_ECDHE_RSA_WITH_AES_256_CBC_SHA384, TLS_ECDHE_ECDSA_WITH_AES_128_CBC_SHA256, TLS_ECDHE_RSA_WITH_AES_128_CBC_SHA256, TLS_DHE_RSA_WITH_AES_256_CBC_SHA256, TLS_DHE_DSS_WITH_AES_256_CBC_SHA256, TLS_DHE_RSA_WITH_AES_128_CBC_SHA256, TLS_DHE_DSS_WITH_AES_128_CBC_SHA256, TLS_ECDH_ECDSA_WITH_AES_256_GCM_SHA384, TLS_ECDH_RSA_WITH_AES_256_GCM_SHA384, TLS_ECDH_ECDSA_WITH_AES_128_GCM_SHA256, TLS_ECDH_RSA_WITH_AES_128_GCM_SHA256, TLS_ECDH_ECDSA_WITH_AES_256_CBC_SHA384, TLS_ECDH_RSA_WITH_AES_256_CBC_SHA384, TLS_ECDH_ECDSA_WITH_AES_128_CBC_SHA256, TLS_ECDH_RSA_WITH_AES_128_CBC_SHA256, TLS_ECDHE_ECDSA_WITH_AES_256_CBC_SHA, TLS_ECDHE_RSA_WITH_AES_256_CBC_SHA, TLS_ECDHE_ECDSA_WITH_AES_128_CBC_SHA, TLS_ECDHE_RSA_WITH_AES_128_CBC_SHA, TLS_DHE_RSA_WITH_AES_256_CBC_SHA, TLS_DHE_DSS_WITH_AES_256_CBC_SHA, TLS_DHE_RSA_WITH_AES_128_CBC_SHA, TLS_DHE_DSS_WITH_AES_128_CBC_SHA, TLS_ECDH_ECDSA_WITH_AES_256_CBC_SHA, TLS_ECDH_RSA_WITH_AES_256_CBC_SHA, TLS_ECDH_ECDSA_WITH_AES_128_CBC_SHA, TLS_ECDH_RSA_WITH_AES_128_CBC_SHA, TLS_RSA_WITH_AES_256_GCM_SHA384, TLS_RSA_WITH_AES_128_GCM_SHA256, TLS_RSA_WITH_AES_256_CBC_SHA256, TLS_RSA_WITH_AES_128_CBC_SHA256, TLS_RSA_WITH_AES_256_CBC_SHA, TLS_RSA_WITH_AES_128_CBC_SHA, TLS_EMPTY_RENEGOTIATION_INFO_SCSV]
16:52:29.863 [pool-1-thread-2] DEBUG karate.org.apache.http.conn.ssl.SSLConnectionSocketFactory - Starting handshake
16:52:30.179 [pool-1-thread-2] DEBUG karate.org.apache.http.conn.ssl.SSLConnectionSocketFactory - Secure session established
16:52:30.179 [pool-1-thread-2] DEBUG karate.org.apache.http.conn.ssl.SSLConnectionSocketFactory -  negotiated protocol: TLSv1.2
16:52:30.179 [pool-1-thread-2] DEBUG karate.org.apache.http.conn.ssl.SSLConnectionSocketFactory -  negotiated cipher suite: TLS_ECDHE_RSA_WITH_AES_128_GCM_SHA256
16:52:30.179 [pool-1-thread-2] DEBUG karate.org.apache.http.conn.ssl.SSLConnectionSocketFactory -  peer principal: CN=*.herokuapp.com
16:52:30.179 [pool-1-thread-2] DEBUG karate.org.apache.http.conn.ssl.SSLConnectionSocketFactory -  peer alternative names: [*.herokuapp.com]
16:52:30.179 [pool-1-thread-2] DEBUG karate.org.apache.http.conn.ssl.SSLConnectionSocketFactory -  issuer principal: CN=Amazon RSA 2048 M02, O=Amazon, C=US
16:52:30.179 [pool-1-thread-2] DEBUG karate.org.apache.http.impl.conn.DefaultHttpClientConnectionOperator - Connection established 192.168.1.8:56381<->23.22.130.173:443
16:52:30.179 [pool-1-thread-2] DEBUG karate.org.apache.http.impl.conn.DefaultManagedHttpClientConnection - http-outgoing-0: set socket timeout to 30000
16:52:30.179 [pool-1-thread-2] DEBUG karate.org.apache.http.impl.execchain.MainClientExec - Executing request POST /auth HTTP/1.1
16:52:30.179 [pool-1-thread-2] DEBUG karate.org.apache.http.impl.execchain.MainClientExec - Target auth state: UNCHALLENGED
16:52:30.179 [pool-1-thread-2] DEBUG karate.org.apache.http.impl.execchain.MainClientExec - Proxy auth state: UNCHALLENGED
16:52:30.179 [pool-1-thread-2] DEBUG karate.org.apache.http.headers - http-outgoing-0 >> POST /auth HTTP/1.1
16:52:30.179 [pool-1-thread-2] DEBUG karate.org.apache.http.headers - http-outgoing-0 >> Accept: application/json
16:52:30.179 [pool-1-thread-2] DEBUG karate.org.apache.http.headers - http-outgoing-0 >> Content-Type: application/json; charset=UTF-8
16:52:30.179 [pool-1-thread-2] DEBUG karate.org.apache.http.headers - http-outgoing-0 >> Content-Length: 45
16:52:30.179 [pool-1-thread-2] DEBUG karate.org.apache.http.headers - http-outgoing-0 >> Host: restful-booker.herokuapp.com
16:52:30.179 [pool-1-thread-2] DEBUG karate.org.apache.http.headers - http-outgoing-0 >> Connection: Keep-Alive
16:52:30.179 [pool-1-thread-2] DEBUG karate.org.apache.http.headers - http-outgoing-0 >> User-Agent: Apache-HttpClient/4.5.13 (Java/1.8.0_321)
16:52:30.179 [pool-1-thread-2] DEBUG karate.org.apache.http.headers - http-outgoing-0 >> Accept-Encoding: gzip,deflate
16:52:30.179 [pool-1-thread-2] DEBUG karate.org.apache.http.wire - http-outgoing-0 >> "POST /auth HTTP/1.1[\r][\n]"
16:52:30.179 [pool-1-thread-2] DEBUG karate.org.apache.http.wire - http-outgoing-0 >> "Accept: application/json[\r][\n]"
16:52:30.179 [pool-1-thread-2] DEBUG karate.org.apache.http.wire - http-outgoing-0 >> "Content-Type: application/json; charset=UTF-8[\r][\n]"
16:52:30.179 [pool-1-thread-2] DEBUG karate.org.apache.http.wire - http-outgoing-0 >> "Content-Length: 45[\r][\n]"
16:52:30.179 [pool-1-thread-2] DEBUG karate.org.apache.http.wire - http-outgoing-0 >> "Host: restful-booker.herokuapp.com[\r][\n]"
16:52:30.179 [pool-1-thread-2] DEBUG karate.org.apache.http.wire - http-outgoing-0 >> "Connection: Keep-Alive[\r][\n]"
16:52:30.179 [pool-1-thread-2] DEBUG karate.org.apache.http.wire - http-outgoing-0 >> "User-Agent: Apache-HttpClient/4.5.13 (Java/1.8.0_321)[\r][\n]"
16:52:30.179 [pool-1-thread-2] DEBUG karate.org.apache.http.wire - http-outgoing-0 >> "Accept-Encoding: gzip,deflate[\r][\n]"
16:52:30.179 [pool-1-thread-2] DEBUG karate.org.apache.http.wire - http-outgoing-0 >> "[\r][\n]"
16:52:30.179 [pool-1-thread-2] DEBUG karate.org.apache.http.wire - http-outgoing-0 >> "{"username":"admin","password":"password123"}"
16:52:30.270 [pool-1-thread-2] DEBUG karate.org.apache.http.wire - http-outgoing-0 << "HTTP/1.1 200 OK[\r][\n]"
16:52:30.270 [pool-1-thread-2] DEBUG karate.org.apache.http.wire - http-outgoing-0 << "Server: Cowboy[\r][\n]"
16:52:30.270 [pool-1-thread-2] DEBUG karate.org.apache.http.wire - http-outgoing-0 << "Report-To: {"group":"heroku-nel","max_age":3600,"endpoints":[{"url":"https://nel.heroku.com/reports?ts=1724449949&sid=c46efe9b-d3d2-4a0c-8c76-bfafa16c5add&s=fJRZ3YSjMXpjwNU%2BPaMV%2BmbPkfahZeIXOqhpRAoe%2F3U%3D"}]}[\r][\n]"
16:52:30.270 [pool-1-thread-2] DEBUG karate.org.apache.http.wire - http-outgoing-0 << "Reporting-Endpoints: heroku-nel=https://nel.heroku.com/reports?ts=1724449949&sid=c46efe9b-d3d2-4a0c-8c76-bfafa16c5add&s=fJRZ3YSjMXpjwNU%2BPaMV%2BmbPkfahZeIXOqhpRAoe%2F3U%3D[\r][\n]"
16:52:30.270 [pool-1-thread-2] DEBUG karate.org.apache.http.wire - http-outgoing-0 << "Nel: {"report_to":"heroku-nel","max_age":3600,"success_fraction":0.005,"failure_fraction":0.05,"response_headers":["Via"]}[\r][\n]"
16:52:30.270 [pool-1-thread-2] DEBUG karate.org.apache.http.wire - http-outgoing-0 << "Connection: keep-alive[\r][\n]"
16:52:30.270 [pool-1-thread-2] DEBUG karate.org.apache.http.wire - http-outgoing-0 << "X-Powered-By: Express[\r][\n]"
16:52:30.270 [pool-1-thread-2] DEBUG karate.org.apache.http.wire - http-outgoing-0 << "Content-Type: application/json; charset=utf-8[\r][\n]"
16:52:30.270 [pool-1-thread-2] DEBUG karate.org.apache.http.wire - http-outgoing-0 << "Content-Length: 27[\r][\n]"
16:52:30.270 [pool-1-thread-2] DEBUG karate.org.apache.http.wire - http-outgoing-0 << "Etag: W/"1b-xbmIyznR6ozqKWTp3gLHtHocK3Q"[\r][\n]"
16:52:30.270 [pool-1-thread-2] DEBUG karate.org.apache.http.wire - http-outgoing-0 << "Date: Fri, 23 Aug 2024 21:52:29 GMT[\r][\n]"
16:52:30.270 [pool-1-thread-2] DEBUG karate.org.apache.http.wire - http-outgoing-0 << "Via: 1.1 vegur[\r][\n]"
16:52:30.270 [pool-1-thread-2] DEBUG karate.org.apache.http.wire - http-outgoing-0 << "[\r][\n]"
16:52:30.270 [pool-1-thread-2] DEBUG karate.org.apache.http.wire - http-outgoing-0 << "{"token":"08619e16828ab78"}"
16:52:30.273 [pool-1-thread-2] DEBUG karate.org.apache.http.headers - http-outgoing-0 << HTTP/1.1 200 OK
16:52:30.273 [pool-1-thread-2] DEBUG karate.org.apache.http.headers - http-outgoing-0 << Server: Cowboy
16:52:30.273 [pool-1-thread-2] DEBUG karate.org.apache.http.headers - http-outgoing-0 << Report-To: {"group":"heroku-nel","max_age":3600,"endpoints":[{"url":"https://nel.heroku.com/reports?ts=1724449949&sid=c46efe9b-d3d2-4a0c-8c76-bfafa16c5add&s=fJRZ3YSjMXpjwNU%2BPaMV%2BmbPkfahZeIXOqhpRAoe%2F3U%3D"}]}
16:52:30.273 [pool-1-thread-2] DEBUG karate.org.apache.http.headers - http-outgoing-0 << Reporting-Endpoints: heroku-nel=https://nel.heroku.com/reports?ts=1724449949&sid=c46efe9b-d3d2-4a0c-8c76-bfafa16c5add&s=fJRZ3YSjMXpjwNU%2BPaMV%2BmbPkfahZeIXOqhpRAoe%2F3U%3D
16:52:30.273 [pool-1-thread-2] DEBUG karate.org.apache.http.headers - http-outgoing-0 << Nel: {"report_to":"heroku-nel","max_age":3600,"success_fraction":0.005,"failure_fraction":0.05,"response_headers":["Via"]}
16:52:30.273 [pool-1-thread-2] DEBUG karate.org.apache.http.headers - http-outgoing-0 << Connection: keep-alive
16:52:30.273 [pool-1-thread-2] DEBUG karate.org.apache.http.headers - http-outgoing-0 << X-Powered-By: Express
16:52:30.273 [pool-1-thread-2] DEBUG karate.org.apache.http.headers - http-outgoing-0 << Content-Type: application/json; charset=utf-8
16:52:30.273 [pool-1-thread-2] DEBUG karate.org.apache.http.headers - http-outgoing-0 << Content-Length: 27
16:52:30.273 [pool-1-thread-2] DEBUG karate.org.apache.http.headers - http-outgoing-0 << Etag: W/"1b-xbmIyznR6ozqKWTp3gLHtHocK3Q"
16:52:30.274 [pool-1-thread-2] DEBUG karate.org.apache.http.headers - http-outgoing-0 << Date: Fri, 23 Aug 2024 21:52:29 GMT
16:52:30.274 [pool-1-thread-2] DEBUG karate.org.apache.http.headers - http-outgoing-0 << Via: 1.1 vegur
16:52:30.276 [pool-1-thread-2] DEBUG karate.org.apache.http.impl.execchain.MainClientExec - Connection can be kept alive indefinitely
16:52:30.279 [pool-1-thread-2] DEBUG karate.org.apache.http.impl.conn.PoolingHttpClientConnectionManager - Connection [id: 0][route: {s}->https://restful-booker.herokuapp.com:443] can be kept alive indefinitely
16:52:30.279 [pool-1-thread-2] DEBUG karate.org.apache.http.impl.conn.DefaultManagedHttpClientConnection - http-outgoing-0: set socket timeout to 0
16:52:30.279 [pool-1-thread-2] DEBUG karate.org.apache.http.impl.conn.PoolingHttpClientConnectionManager - Connection released: [id: 0][route: {s}->https://restful-booker.herokuapp.com:443][total available: 1; route allocated: 1 of 5; total allocated: 1 of 10]
16:52:30.281 [pool-1-thread-2] DEBUG com.intuit.karate - response time in milliseconds: 638
1 < 200
1 < Server: Cowboy
1 < Report-To: {"group":"heroku-nel","max_age":3600,"endpoints":[{"url":"https://nel.heroku.com/reports?ts=1724449949&sid=c46efe9b-d3d2-4a0c-8c76-bfafa16c5add&s=fJRZ3YSjMXpjwNU%2BPaMV%2BmbPkfahZeIXOqhpRAoe%2F3U%3D"}]}
1 < Reporting-Endpoints: heroku-nel=https://nel.heroku.com/reports?ts=1724449949&sid=c46efe9b-d3d2-4a0c-8c76-bfafa16c5add&s=fJRZ3YSjMXpjwNU%2BPaMV%2BmbPkfahZeIXOqhpRAoe%2F3U%3D
1 < Nel: {"report_to":"heroku-nel","max_age":3600,"success_fraction":0.005,"failure_fraction":0.05,"response_headers":["Via"]}
1 < Connection: keep-alive
1 < X-Powered-By: Express
1 < Content-Type: application/json; charset=utf-8
1 < Content-Length: 27
1 < Etag: W/"1b-xbmIyznR6ozqKWTp3gLHtHocK3Q"
1 < Date: Fri, 23 Aug 2024 21:52:29 GMT
1 < Via: 1.1 vegur
{
  "token": "08619e16828ab78"
}

16:52:30.290 [pool-1-thread-2] DEBUG com.jayway.jsonpath.internal.path.CompiledPath - Evaluating path: $['token']
16:52:30.299 [pool-1-thread-2] INFO com.intuit.karate - [print] 08619e16828ab78 
16:52:30.301 [pool-1-thread-2] INFO com.intuit.karate - << lock released, cached callSingle: classpath:features/token/createToken.feature
16:52:30.301 [pool-1-thread-3] WARN com.intuit.karate - this thread waited 1342 milliseconds for callSingle lock: classpath:features/token/createToken.feature
16:52:30.301 [pool-1-thread-1] WARN com.intuit.karate - this thread waited 1342 milliseconds for callSingle lock: classpath:features/token/createToken.feature
16:52:30.302 [pool-1-thread-5] WARN com.intuit.karate - this thread waited 1343 milliseconds for callSingle lock: classpath:features/token/createToken.feature
16:52:30.302 [pool-1-thread-4] WARN com.intuit.karate - this thread waited 1343 milliseconds for callSingle lock: classpath:features/token/createToken.feature
16:52:30.315 [pool-1-thread-3] DEBUG karate.org.apache.http.client.protocol.RequestAddCookies - CookieSpec selected: karate
16:52:30.315 [pool-1-thread-3] DEBUG karate.org.apache.http.client.protocol.RequestAuthCache - Auth cache not set in the context
16:52:30.315 [pool-1-thread-3] DEBUG com.intuit.karate - request:
1 > GET https://restful-booker.herokuapp.com/ping
1 > Authorization: Token undefined
1 > Host: restful-booker.herokuapp.com
1 > Connection: Keep-Alive
1 > User-Agent: Apache-HttpClient/4.5.13 (Java/1.8.0_321)
1 > Accept-Encoding: gzip,deflate


16:52:30.316 [pool-1-thread-3] DEBUG karate.org.apache.http.impl.conn.PoolingHttpClientConnectionManager - Connection request: [route: {s}->https://restful-booker.herokuapp.com:443][total available: 0; route allocated: 0 of 5; total allocated: 0 of 10]
16:52:30.317 [pool-1-thread-3] DEBUG karate.org.apache.http.impl.conn.PoolingHttpClientConnectionManager - Connection leased: [id: 1][route: {s}->https://restful-booker.herokuapp.com:443][total available: 0; route allocated: 1 of 5; total allocated: 1 of 10]
16:52:30.317 [pool-1-thread-1] INFO com.intuit.karate.core.FeatureRuntime - classpath:features/token/createToken.feature - call by tag at line 8: CreateToken
16:52:30.317 [pool-1-thread-3] DEBUG karate.org.apache.http.impl.execchain.MainClientExec - Opening connection {s}->https://restful-booker.herokuapp.com:443
16:52:30.317 [pool-1-thread-3] DEBUG karate.org.apache.http.impl.conn.DefaultHttpClientConnectionOperator - Connecting to restful-booker.herokuapp.com/23.22.130.173:443
16:52:30.318 [pool-1-thread-3] DEBUG karate.org.apache.http.conn.ssl.SSLConnectionSocketFactory - Connecting socket to restful-booker.herokuapp.com/23.22.130.173:443 with timeout 30000
16:52:30.316 [pool-1-thread-4] DEBUG karate.org.apache.http.client.protocol.RequestAddCookies - CookieSpec selected: karate
16:52:30.316 [pool-1-thread-5] INFO com.intuit.karate.core.FeatureRuntime - classpath:features/token/createToken.feature - call by tag at line 8: CreateToken
16:52:30.317 [pool-1-thread-2] INFO com.intuit.karate.core.FeatureRuntime - classpath:features/token/createToken.feature - call by tag at line 8: CreateToken
16:52:30.318 [pool-1-thread-4] DEBUG karate.org.apache.http.client.protocol.RequestAuthCache - Auth cache not set in the context
16:52:30.319 [pool-1-thread-4] DEBUG com.intuit.karate - request:
1 > GET https://restful-booker.herokuapp.com/booking
1 > Authorization: Token undefined
1 > Host: restful-booker.herokuapp.com
1 > Connection: Keep-Alive
1 > User-Agent: Apache-HttpClient/4.5.13 (Java/1.8.0_321)
1 > Accept-Encoding: gzip,deflate


16:52:30.319 [pool-1-thread-4] DEBUG karate.org.apache.http.impl.conn.PoolingHttpClientConnectionManager - Connection request: [route: {s}->https://restful-booker.herokuapp.com:443][total available: 0; route allocated: 0 of 5; total allocated: 0 of 10]
16:52:30.319 [pool-1-thread-4] DEBUG karate.org.apache.http.impl.conn.PoolingHttpClientConnectionManager - Connection leased: [id: 2][route: {s}->https://restful-booker.herokuapp.com:443][total available: 0; route allocated: 1 of 5; total allocated: 1 of 10]
16:52:30.319 [pool-1-thread-4] DEBUG karate.org.apache.http.impl.execchain.MainClientExec - Opening connection {s}->https://restful-booker.herokuapp.com:443
16:52:30.319 [pool-1-thread-4] DEBUG karate.org.apache.http.impl.conn.DefaultHttpClientConnectionOperator - Connecting to restful-booker.herokuapp.com/23.22.130.173:443
16:52:30.319 [pool-1-thread-4] DEBUG karate.org.apache.http.conn.ssl.SSLConnectionSocketFactory - Connecting socket to restful-booker.herokuapp.com/23.22.130.173:443 with timeout 30000
16:52:30.329 [pool-1-thread-1] DEBUG com.jayway.jsonpath.internal.path.CompiledPath - Evaluating path: $
16:52:30.331 [pool-1-thread-1] DEBUG com.jayway.jsonpath.internal.path.CompiledPath - Evaluating path: $
16:52:30.334 [pool-1-thread-1] DEBUG karate.org.apache.http.client.protocol.RequestAddCookies - CookieSpec selected: karate
16:52:30.334 [pool-1-thread-1] DEBUG karate.org.apache.http.client.protocol.RequestAuthCache - Auth cache not set in the context
16:52:30.334 [pool-1-thread-1] DEBUG com.intuit.karate - request:
1 > POST https://restful-booker.herokuapp.com/auth
1 > Accept: application/json
1 > Authorization: Token undefined
1 > Content-Type: application/json; charset=UTF-8
1 > Content-Length: 45
1 > Host: restful-booker.herokuapp.com
1 > Connection: Keep-Alive
1 > User-Agent: Apache-HttpClient/4.5.13 (Java/1.8.0_321)
1 > Accept-Encoding: gzip,deflate
{
  "username": "admin",
  "password": "password123"
}


16:52:30.335 [pool-1-thread-1] DEBUG karate.org.apache.http.impl.conn.PoolingHttpClientConnectionManager - Connection request: [route: {s}->https://restful-booker.herokuapp.com:443][total available: 0; route allocated: 0 of 5; total allocated: 0 of 10]
16:52:30.335 [pool-1-thread-1] DEBUG karate.org.apache.http.impl.conn.PoolingHttpClientConnectionManager - Connection leased: [id: 3][route: {s}->https://restful-booker.herokuapp.com:443][total available: 0; route allocated: 1 of 5; total allocated: 1 of 10]
16:52:30.335 [pool-1-thread-1] DEBUG karate.org.apache.http.impl.execchain.MainClientExec - Opening connection {s}->https://restful-booker.herokuapp.com:443
16:52:30.335 [pool-1-thread-1] DEBUG karate.org.apache.http.impl.conn.DefaultHttpClientConnectionOperator - Connecting to restful-booker.herokuapp.com/23.22.130.173:443
16:52:30.335 [pool-1-thread-1] DEBUG karate.org.apache.http.conn.ssl.SSLConnectionSocketFactory - Connecting socket to restful-booker.herokuapp.com/23.22.130.173:443 with timeout 30000
16:52:30.336 [pool-1-thread-2] DEBUG com.jayway.jsonpath.internal.path.CompiledPath - Evaluating path: $
16:52:30.336 [pool-1-thread-5] DEBUG com.jayway.jsonpath.internal.path.CompiledPath - Evaluating path: $
16:52:30.338 [pool-1-thread-2] DEBUG com.jayway.jsonpath.internal.path.CompiledPath - Evaluating path: $
16:52:30.338 [pool-1-thread-5] DEBUG com.jayway.jsonpath.internal.path.CompiledPath - Evaluating path: $
16:52:30.340 [pool-1-thread-2] DEBUG karate.org.apache.http.client.protocol.RequestAddCookies - CookieSpec selected: karate
16:52:30.340 [pool-1-thread-2] DEBUG karate.org.apache.http.client.protocol.RequestAuthCache - Auth cache not set in the context
16:52:30.341 [pool-1-thread-2] DEBUG com.intuit.karate - request:
1 > POST https://restful-booker.herokuapp.com/auth
1 > Accept: application/json
1 > Authorization: Token undefined
1 > Content-Type: application/json; charset=UTF-8
1 > Content-Length: 45
1 > Host: restful-booker.herokuapp.com
1 > Connection: Keep-Alive
1 > User-Agent: Apache-HttpClient/4.5.13 (Java/1.8.0_321)
1 > Accept-Encoding: gzip,deflate
{
  "username": "admin",
  "password": "password123"
}


16:52:30.341 [pool-1-thread-2] DEBUG karate.org.apache.http.impl.conn.PoolingHttpClientConnectionManager - Connection request: [route: {s}->https://restful-booker.herokuapp.com:443][total available: 0; route allocated: 0 of 5; total allocated: 0 of 10]
16:52:30.341 [pool-1-thread-2] DEBUG karate.org.apache.http.impl.conn.PoolingHttpClientConnectionManager - Connection leased: [id: 4][route: {s}->https://restful-booker.herokuapp.com:443][total available: 0; route allocated: 1 of 5; total allocated: 1 of 10]
16:52:30.341 [pool-1-thread-2] DEBUG karate.org.apache.http.impl.execchain.MainClientExec - Opening connection {s}->https://restful-booker.herokuapp.com:443
16:52:30.341 [pool-1-thread-2] DEBUG karate.org.apache.http.impl.conn.DefaultHttpClientConnectionOperator - Connecting to restful-booker.herokuapp.com/23.22.130.173:443
16:52:30.341 [pool-1-thread-5] DEBUG karate.org.apache.http.client.protocol.RequestAddCookies - CookieSpec selected: karate
16:52:30.342 [pool-1-thread-5] DEBUG karate.org.apache.http.client.protocol.RequestAuthCache - Auth cache not set in the context
16:52:30.342 [pool-1-thread-5] DEBUG com.intuit.karate - request:
1 > POST https://restful-booker.herokuapp.com/auth
1 > Accept: application/json
1 > Authorization: Token undefined
1 > Content-Type: application/json; charset=UTF-8
1 > Content-Length: 45
1 > Host: restful-booker.herokuapp.com
1 > Connection: Keep-Alive
1 > User-Agent: Apache-HttpClient/4.5.13 (Java/1.8.0_321)
1 > Accept-Encoding: gzip,deflate
{
  "username": "admin",
  "password": "password123"
}


16:52:30.344 [pool-1-thread-5] DEBUG karate.org.apache.http.impl.conn.PoolingHttpClientConnectionManager - Connection request: [route: {s}->https://restful-booker.herokuapp.com:443][total available: 0; route allocated: 0 of 5; total allocated: 0 of 10]
16:52:30.344 [pool-1-thread-5] DEBUG karate.org.apache.http.impl.conn.PoolingHttpClientConnectionManager - Connection leased: [id: 5][route: {s}->https://restful-booker.herokuapp.com:443][total available: 0; route allocated: 1 of 5; total allocated: 1 of 10]
16:52:30.345 [pool-1-thread-5] DEBUG karate.org.apache.http.impl.execchain.MainClientExec - Opening connection {s}->https://restful-booker.herokuapp.com:443
16:52:30.345 [pool-1-thread-5] DEBUG karate.org.apache.http.impl.conn.DefaultHttpClientConnectionOperator - Connecting to restful-booker.herokuapp.com/23.22.130.173:443
16:52:30.345 [pool-1-thread-5] DEBUG karate.org.apache.http.conn.ssl.SSLConnectionSocketFactory - Connecting socket to restful-booker.herokuapp.com/23.22.130.173:443 with timeout 30000
16:52:30.343 [pool-1-thread-2] DEBUG karate.org.apache.http.conn.ssl.SSLConnectionSocketFactory - Connecting socket to restful-booker.herokuapp.com/23.22.130.173:443 with timeout 30000
16:52:30.398 [pool-1-thread-3] DEBUG karate.org.apache.http.conn.ssl.SSLConnectionSocketFactory - Enabled protocols: [TLSv1.2]
16:52:30.399 [pool-1-thread-3] DEBUG karate.org.apache.http.conn.ssl.SSLConnectionSocketFactory - Enabled cipher suites:[TLS_ECDHE_ECDSA_WITH_AES_256_GCM_SHA384, TLS_ECDHE_ECDSA_WITH_AES_128_GCM_SHA256, TLS_ECDHE_RSA_WITH_AES_256_GCM_SHA384, TLS_ECDHE_RSA_WITH_AES_128_GCM_SHA256, TLS_DHE_RSA_WITH_AES_256_GCM_SHA384, TLS_DHE_DSS_WITH_AES_256_GCM_SHA384, TLS_DHE_RSA_WITH_AES_128_GCM_SHA256, TLS_DHE_DSS_WITH_AES_128_GCM_SHA256, TLS_ECDHE_ECDSA_WITH_AES_256_CBC_SHA384, TLS_ECDHE_RSA_WITH_AES_256_CBC_SHA384, TLS_ECDHE_ECDSA_WITH_AES_128_CBC_SHA256, TLS_ECDHE_RSA_WITH_AES_128_CBC_SHA256, TLS_DHE_RSA_WITH_AES_256_CBC_SHA256, TLS_DHE_DSS_WITH_AES_256_CBC_SHA256, TLS_DHE_RSA_WITH_AES_128_CBC_SHA256, TLS_DHE_DSS_WITH_AES_128_CBC_SHA256, TLS_ECDH_ECDSA_WITH_AES_256_GCM_SHA384, TLS_ECDH_RSA_WITH_AES_256_GCM_SHA384, TLS_ECDH_ECDSA_WITH_AES_128_GCM_SHA256, TLS_ECDH_RSA_WITH_AES_128_GCM_SHA256, TLS_ECDH_ECDSA_WITH_AES_256_CBC_SHA384, TLS_ECDH_RSA_WITH_AES_256_CBC_SHA384, TLS_ECDH_ECDSA_WITH_AES_128_CBC_SHA256, TLS_ECDH_RSA_WITH_AES_128_CBC_SHA256, TLS_ECDHE_ECDSA_WITH_AES_256_CBC_SHA, TLS_ECDHE_RSA_WITH_AES_256_CBC_SHA, TLS_ECDHE_ECDSA_WITH_AES_128_CBC_SHA, TLS_ECDHE_RSA_WITH_AES_128_CBC_SHA, TLS_DHE_RSA_WITH_AES_256_CBC_SHA, TLS_DHE_DSS_WITH_AES_256_CBC_SHA, TLS_DHE_RSA_WITH_AES_128_CBC_SHA, TLS_DHE_DSS_WITH_AES_128_CBC_SHA, TLS_ECDH_ECDSA_WITH_AES_256_CBC_SHA, TLS_ECDH_RSA_WITH_AES_256_CBC_SHA, TLS_ECDH_ECDSA_WITH_AES_128_CBC_SHA, TLS_ECDH_RSA_WITH_AES_128_CBC_SHA, TLS_RSA_WITH_AES_256_GCM_SHA384, TLS_RSA_WITH_AES_128_GCM_SHA256, TLS_RSA_WITH_AES_256_CBC_SHA256, TLS_RSA_WITH_AES_128_CBC_SHA256, TLS_RSA_WITH_AES_256_CBC_SHA, TLS_RSA_WITH_AES_128_CBC_SHA, TLS_EMPTY_RENEGOTIATION_INFO_SCSV]
16:52:30.399 [pool-1-thread-3] DEBUG karate.org.apache.http.conn.ssl.SSLConnectionSocketFactory - Starting handshake
16:52:30.405 [pool-1-thread-4] DEBUG karate.org.apache.http.conn.ssl.SSLConnectionSocketFactory - Enabled protocols: [TLSv1.2]
16:52:30.405 [pool-1-thread-4] DEBUG karate.org.apache.http.conn.ssl.SSLConnectionSocketFactory - Enabled cipher suites:[TLS_ECDHE_ECDSA_WITH_AES_256_GCM_SHA384, TLS_ECDHE_ECDSA_WITH_AES_128_GCM_SHA256, TLS_ECDHE_RSA_WITH_AES_256_GCM_SHA384, TLS_ECDHE_RSA_WITH_AES_128_GCM_SHA256, TLS_DHE_RSA_WITH_AES_256_GCM_SHA384, TLS_DHE_DSS_WITH_AES_256_GCM_SHA384, TLS_DHE_RSA_WITH_AES_128_GCM_SHA256, TLS_DHE_DSS_WITH_AES_128_GCM_SHA256, TLS_ECDHE_ECDSA_WITH_AES_256_CBC_SHA384, TLS_ECDHE_RSA_WITH_AES_256_CBC_SHA384, TLS_ECDHE_ECDSA_WITH_AES_128_CBC_SHA256, TLS_ECDHE_RSA_WITH_AES_128_CBC_SHA256, TLS_DHE_RSA_WITH_AES_256_CBC_SHA256, TLS_DHE_DSS_WITH_AES_256_CBC_SHA256, TLS_DHE_RSA_WITH_AES_128_CBC_SHA256, TLS_DHE_DSS_WITH_AES_128_CBC_SHA256, TLS_ECDH_ECDSA_WITH_AES_256_GCM_SHA384, TLS_ECDH_RSA_WITH_AES_256_GCM_SHA384, TLS_ECDH_ECDSA_WITH_AES_128_GCM_SHA256, TLS_ECDH_RSA_WITH_AES_128_GCM_SHA256, TLS_ECDH_ECDSA_WITH_AES_256_CBC_SHA384, TLS_ECDH_RSA_WITH_AES_256_CBC_SHA384, TLS_ECDH_ECDSA_WITH_AES_128_CBC_SHA256, TLS_ECDH_RSA_WITH_AES_128_CBC_SHA256, TLS_ECDHE_ECDSA_WITH_AES_256_CBC_SHA, TLS_ECDHE_RSA_WITH_AES_256_CBC_SHA, TLS_ECDHE_ECDSA_WITH_AES_128_CBC_SHA, TLS_ECDHE_RSA_WITH_AES_128_CBC_SHA, TLS_DHE_RSA_WITH_AES_256_CBC_SHA, TLS_DHE_DSS_WITH_AES_256_CBC_SHA, TLS_DHE_RSA_WITH_AES_128_CBC_SHA, TLS_DHE_DSS_WITH_AES_128_CBC_SHA, TLS_ECDH_ECDSA_WITH_AES_256_CBC_SHA, TLS_ECDH_RSA_WITH_AES_256_CBC_SHA, TLS_ECDH_ECDSA_WITH_AES_128_CBC_SHA, TLS_ECDH_RSA_WITH_AES_128_CBC_SHA, TLS_RSA_WITH_AES_256_GCM_SHA384, TLS_RSA_WITH_AES_128_GCM_SHA256, TLS_RSA_WITH_AES_256_CBC_SHA256, TLS_RSA_WITH_AES_128_CBC_SHA256, TLS_RSA_WITH_AES_256_CBC_SHA, TLS_RSA_WITH_AES_128_CBC_SHA, TLS_EMPTY_RENEGOTIATION_INFO_SCSV]
16:52:30.405 [pool-1-thread-4] DEBUG karate.org.apache.http.conn.ssl.SSLConnectionSocketFactory - Starting handshake
16:52:30.428 [pool-1-thread-1] DEBUG karate.org.apache.http.conn.ssl.SSLConnectionSocketFactory - Enabled protocols: [TLSv1.2]
16:52:30.429 [pool-1-thread-1] DEBUG karate.org.apache.http.conn.ssl.SSLConnectionSocketFactory - Enabled cipher suites:[TLS_ECDHE_ECDSA_WITH_AES_256_GCM_SHA384, TLS_ECDHE_ECDSA_WITH_AES_128_GCM_SHA256, TLS_ECDHE_RSA_WITH_AES_256_GCM_SHA384, TLS_ECDHE_RSA_WITH_AES_128_GCM_SHA256, TLS_DHE_RSA_WITH_AES_256_GCM_SHA384, TLS_DHE_DSS_WITH_AES_256_GCM_SHA384, TLS_DHE_RSA_WITH_AES_128_GCM_SHA256, TLS_DHE_DSS_WITH_AES_128_GCM_SHA256, TLS_ECDHE_ECDSA_WITH_AES_256_CBC_SHA384, TLS_ECDHE_RSA_WITH_AES_256_CBC_SHA384, TLS_ECDHE_ECDSA_WITH_AES_128_CBC_SHA256, TLS_ECDHE_RSA_WITH_AES_128_CBC_SHA256, TLS_DHE_RSA_WITH_AES_256_CBC_SHA256, TLS_DHE_DSS_WITH_AES_256_CBC_SHA256, TLS_DHE_RSA_WITH_AES_128_CBC_SHA256, TLS_DHE_DSS_WITH_AES_128_CBC_SHA256, TLS_ECDH_ECDSA_WITH_AES_256_GCM_SHA384, TLS_ECDH_RSA_WITH_AES_256_GCM_SHA384, TLS_ECDH_ECDSA_WITH_AES_128_GCM_SHA256, TLS_ECDH_RSA_WITH_AES_128_GCM_SHA256, TLS_ECDH_ECDSA_WITH_AES_256_CBC_SHA384, TLS_ECDH_RSA_WITH_AES_256_CBC_SHA384, TLS_ECDH_ECDSA_WITH_AES_128_CBC_SHA256, TLS_ECDH_RSA_WITH_AES_128_CBC_SHA256, TLS_ECDHE_ECDSA_WITH_AES_256_CBC_SHA, TLS_ECDHE_RSA_WITH_AES_256_CBC_SHA, TLS_ECDHE_ECDSA_WITH_AES_128_CBC_SHA, TLS_ECDHE_RSA_WITH_AES_128_CBC_SHA, TLS_DHE_RSA_WITH_AES_256_CBC_SHA, TLS_DHE_DSS_WITH_AES_256_CBC_SHA, TLS_DHE_RSA_WITH_AES_128_CBC_SHA, TLS_DHE_DSS_WITH_AES_128_CBC_SHA, TLS_ECDH_ECDSA_WITH_AES_256_CBC_SHA, TLS_ECDH_RSA_WITH_AES_256_CBC_SHA, TLS_ECDH_ECDSA_WITH_AES_128_CBC_SHA, TLS_ECDH_RSA_WITH_AES_128_CBC_SHA, TLS_RSA_WITH_AES_256_GCM_SHA384, TLS_RSA_WITH_AES_128_GCM_SHA256, TLS_RSA_WITH_AES_256_CBC_SHA256, TLS_RSA_WITH_AES_128_CBC_SHA256, TLS_RSA_WITH_AES_256_CBC_SHA, TLS_RSA_WITH_AES_128_CBC_SHA, TLS_EMPTY_RENEGOTIATION_INFO_SCSV]
16:52:30.429 [pool-1-thread-1] DEBUG karate.org.apache.http.conn.ssl.SSLConnectionSocketFactory - Starting handshake
16:52:30.429 [pool-1-thread-2] DEBUG karate.org.apache.http.conn.ssl.SSLConnectionSocketFactory - Enabled protocols: [TLSv1.2]
16:52:30.430 [pool-1-thread-2] DEBUG karate.org.apache.http.conn.ssl.SSLConnectionSocketFactory - Enabled cipher suites:[TLS_ECDHE_ECDSA_WITH_AES_256_GCM_SHA384, TLS_ECDHE_ECDSA_WITH_AES_128_GCM_SHA256, TLS_ECDHE_RSA_WITH_AES_256_GCM_SHA384, TLS_ECDHE_RSA_WITH_AES_128_GCM_SHA256, TLS_DHE_RSA_WITH_AES_256_GCM_SHA384, TLS_DHE_DSS_WITH_AES_256_GCM_SHA384, TLS_DHE_RSA_WITH_AES_128_GCM_SHA256, TLS_DHE_DSS_WITH_AES_128_GCM_SHA256, TLS_ECDHE_ECDSA_WITH_AES_256_CBC_SHA384, TLS_ECDHE_RSA_WITH_AES_256_CBC_SHA384, TLS_ECDHE_ECDSA_WITH_AES_128_CBC_SHA256, TLS_ECDHE_RSA_WITH_AES_128_CBC_SHA256, TLS_DHE_RSA_WITH_AES_256_CBC_SHA256, TLS_DHE_DSS_WITH_AES_256_CBC_SHA256, TLS_DHE_RSA_WITH_AES_128_CBC_SHA256, TLS_DHE_DSS_WITH_AES_128_CBC_SHA256, TLS_ECDH_ECDSA_WITH_AES_256_GCM_SHA384, TLS_ECDH_RSA_WITH_AES_256_GCM_SHA384, TLS_ECDH_ECDSA_WITH_AES_128_GCM_SHA256, TLS_ECDH_RSA_WITH_AES_128_GCM_SHA256, TLS_ECDH_ECDSA_WITH_AES_256_CBC_SHA384, TLS_ECDH_RSA_WITH_AES_256_CBC_SHA384, TLS_ECDH_ECDSA_WITH_AES_128_CBC_SHA256, TLS_ECDH_RSA_WITH_AES_128_CBC_SHA256, TLS_ECDHE_ECDSA_WITH_AES_256_CBC_SHA, TLS_ECDHE_RSA_WITH_AES_256_CBC_SHA, TLS_ECDHE_ECDSA_WITH_AES_128_CBC_SHA, TLS_ECDHE_RSA_WITH_AES_128_CBC_SHA, TLS_DHE_RSA_WITH_AES_256_CBC_SHA, TLS_DHE_DSS_WITH_AES_256_CBC_SHA, TLS_DHE_RSA_WITH_AES_128_CBC_SHA, TLS_DHE_DSS_WITH_AES_128_CBC_SHA, TLS_ECDH_ECDSA_WITH_AES_256_CBC_SHA, TLS_ECDH_RSA_WITH_AES_256_CBC_SHA, TLS_ECDH_ECDSA_WITH_AES_128_CBC_SHA, TLS_ECDH_RSA_WITH_AES_128_CBC_SHA, TLS_RSA_WITH_AES_256_GCM_SHA384, TLS_RSA_WITH_AES_128_GCM_SHA256, TLS_RSA_WITH_AES_256_CBC_SHA256, TLS_RSA_WITH_AES_128_CBC_SHA256, TLS_RSA_WITH_AES_256_CBC_SHA, TLS_RSA_WITH_AES_128_CBC_SHA, TLS_EMPTY_RENEGOTIATION_INFO_SCSV]
16:52:30.430 [pool-1-thread-2] DEBUG karate.org.apache.http.conn.ssl.SSLConnectionSocketFactory - Starting handshake
16:52:30.439 [pool-1-thread-5] DEBUG karate.org.apache.http.conn.ssl.SSLConnectionSocketFactory - Enabled protocols: [TLSv1.2]
16:52:30.440 [pool-1-thread-5] DEBUG karate.org.apache.http.conn.ssl.SSLConnectionSocketFactory - Enabled cipher suites:[TLS_ECDHE_ECDSA_WITH_AES_256_GCM_SHA384, TLS_ECDHE_ECDSA_WITH_AES_128_GCM_SHA256, TLS_ECDHE_RSA_WITH_AES_256_GCM_SHA384, TLS_ECDHE_RSA_WITH_AES_128_GCM_SHA256, TLS_DHE_RSA_WITH_AES_256_GCM_SHA384, TLS_DHE_DSS_WITH_AES_256_GCM_SHA384, TLS_DHE_RSA_WITH_AES_128_GCM_SHA256, TLS_DHE_DSS_WITH_AES_128_GCM_SHA256, TLS_ECDHE_ECDSA_WITH_AES_256_CBC_SHA384, TLS_ECDHE_RSA_WITH_AES_256_CBC_SHA384, TLS_ECDHE_ECDSA_WITH_AES_128_CBC_SHA256, TLS_ECDHE_RSA_WITH_AES_128_CBC_SHA256, TLS_DHE_RSA_WITH_AES_256_CBC_SHA256, TLS_DHE_DSS_WITH_AES_256_CBC_SHA256, TLS_DHE_RSA_WITH_AES_128_CBC_SHA256, TLS_DHE_DSS_WITH_AES_128_CBC_SHA256, TLS_ECDH_ECDSA_WITH_AES_256_GCM_SHA384, TLS_ECDH_RSA_WITH_AES_256_GCM_SHA384, TLS_ECDH_ECDSA_WITH_AES_128_GCM_SHA256, TLS_ECDH_RSA_WITH_AES_128_GCM_SHA256, TLS_ECDH_ECDSA_WITH_AES_256_CBC_SHA384, TLS_ECDH_RSA_WITH_AES_256_CBC_SHA384, TLS_ECDH_ECDSA_WITH_AES_128_CBC_SHA256, TLS_ECDH_RSA_WITH_AES_128_CBC_SHA256, TLS_ECDHE_ECDSA_WITH_AES_256_CBC_SHA, TLS_ECDHE_RSA_WITH_AES_256_CBC_SHA, TLS_ECDHE_ECDSA_WITH_AES_128_CBC_SHA, TLS_ECDHE_RSA_WITH_AES_128_CBC_SHA, TLS_DHE_RSA_WITH_AES_256_CBC_SHA, TLS_DHE_DSS_WITH_AES_256_CBC_SHA, TLS_DHE_RSA_WITH_AES_128_CBC_SHA, TLS_DHE_DSS_WITH_AES_128_CBC_SHA, TLS_ECDH_ECDSA_WITH_AES_256_CBC_SHA, TLS_ECDH_RSA_WITH_AES_256_CBC_SHA, TLS_ECDH_ECDSA_WITH_AES_128_CBC_SHA, TLS_ECDH_RSA_WITH_AES_128_CBC_SHA, TLS_RSA_WITH_AES_256_GCM_SHA384, TLS_RSA_WITH_AES_128_GCM_SHA256, TLS_RSA_WITH_AES_256_CBC_SHA256, TLS_RSA_WITH_AES_128_CBC_SHA256, TLS_RSA_WITH_AES_256_CBC_SHA, TLS_RSA_WITH_AES_128_CBC_SHA, TLS_EMPTY_RENEGOTIATION_INFO_SCSV]
16:52:30.440 [pool-1-thread-5] DEBUG karate.org.apache.http.conn.ssl.SSLConnectionSocketFactory - Starting handshake
16:52:30.574 [pool-1-thread-3] DEBUG karate.org.apache.http.conn.ssl.SSLConnectionSocketFactory - Secure session established
16:52:30.575 [pool-1-thread-3] DEBUG karate.org.apache.http.conn.ssl.SSLConnectionSocketFactory -  negotiated protocol: TLSv1.2
16:52:30.575 [pool-1-thread-3] DEBUG karate.org.apache.http.conn.ssl.SSLConnectionSocketFactory -  negotiated cipher suite: TLS_ECDHE_RSA_WITH_AES_128_GCM_SHA256
16:52:30.575 [pool-1-thread-3] DEBUG karate.org.apache.http.conn.ssl.SSLConnectionSocketFactory -  peer principal: CN=*.herokuapp.com
16:52:30.575 [pool-1-thread-3] DEBUG karate.org.apache.http.conn.ssl.SSLConnectionSocketFactory -  peer alternative names: [*.herokuapp.com]
16:52:30.575 [pool-1-thread-3] DEBUG karate.org.apache.http.conn.ssl.SSLConnectionSocketFactory -  issuer principal: CN=Amazon RSA 2048 M02, O=Amazon, C=US
16:52:30.575 [pool-1-thread-3] DEBUG karate.org.apache.http.impl.conn.DefaultHttpClientConnectionOperator - Connection established 192.168.1.8:56382<->23.22.130.173:443
16:52:30.575 [pool-1-thread-3] DEBUG karate.org.apache.http.impl.conn.DefaultManagedHttpClientConnection - http-outgoing-1: set socket timeout to 30000
16:52:30.575 [pool-1-thread-3] DEBUG karate.org.apache.http.impl.execchain.MainClientExec - Executing request GET /ping HTTP/1.1
16:52:30.575 [pool-1-thread-3] DEBUG karate.org.apache.http.impl.execchain.MainClientExec - Proxy auth state: UNCHALLENGED
16:52:30.575 [pool-1-thread-3] DEBUG karate.org.apache.http.headers - http-outgoing-1 >> GET /ping HTTP/1.1
16:52:30.575 [pool-1-thread-3] DEBUG karate.org.apache.http.headers - http-outgoing-1 >> Authorization: Token undefined
16:52:30.575 [pool-1-thread-3] DEBUG karate.org.apache.http.headers - http-outgoing-1 >> Host: restful-booker.herokuapp.com
16:52:30.575 [pool-1-thread-3] DEBUG karate.org.apache.http.headers - http-outgoing-1 >> Connection: Keep-Alive
16:52:30.575 [pool-1-thread-3] DEBUG karate.org.apache.http.headers - http-outgoing-1 >> User-Agent: Apache-HttpClient/4.5.13 (Java/1.8.0_321)
16:52:30.575 [pool-1-thread-3] DEBUG karate.org.apache.http.headers - http-outgoing-1 >> Accept-Encoding: gzip,deflate
16:52:30.575 [pool-1-thread-3] DEBUG karate.org.apache.http.wire - http-outgoing-1 >> "GET /ping HTTP/1.1[\r][\n]"
16:52:30.575 [pool-1-thread-3] DEBUG karate.org.apache.http.wire - http-outgoing-1 >> "Authorization: Token undefined[\r][\n]"
16:52:30.575 [pool-1-thread-3] DEBUG karate.org.apache.http.wire - http-outgoing-1 >> "Host: restful-booker.herokuapp.com[\r][\n]"
16:52:30.575 [pool-1-thread-3] DEBUG karate.org.apache.http.wire - http-outgoing-1 >> "Connection: Keep-Alive[\r][\n]"
16:52:30.575 [pool-1-thread-3] DEBUG karate.org.apache.http.wire - http-outgoing-1 >> "User-Agent: Apache-HttpClient/4.5.13 (Java/1.8.0_321)[\r][\n]"
16:52:30.575 [pool-1-thread-3] DEBUG karate.org.apache.http.wire - http-outgoing-1 >> "Accept-Encoding: gzip,deflate[\r][\n]"
16:52:30.575 [pool-1-thread-3] DEBUG karate.org.apache.http.wire - http-outgoing-1 >> "[\r][\n]"
16:52:30.581 [pool-1-thread-4] DEBUG karate.org.apache.http.conn.ssl.SSLConnectionSocketFactory - Secure session established
16:52:30.581 [pool-1-thread-4] DEBUG karate.org.apache.http.conn.ssl.SSLConnectionSocketFactory -  negotiated protocol: TLSv1.2
16:52:30.581 [pool-1-thread-4] DEBUG karate.org.apache.http.conn.ssl.SSLConnectionSocketFactory -  negotiated cipher suite: TLS_ECDHE_RSA_WITH_AES_128_GCM_SHA256
16:52:30.581 [pool-1-thread-4] DEBUG karate.org.apache.http.conn.ssl.SSLConnectionSocketFactory -  peer principal: CN=*.herokuapp.com
16:52:30.581 [pool-1-thread-4] DEBUG karate.org.apache.http.conn.ssl.SSLConnectionSocketFactory -  peer alternative names: [*.herokuapp.com]
16:52:30.581 [pool-1-thread-4] DEBUG karate.org.apache.http.conn.ssl.SSLConnectionSocketFactory -  issuer principal: CN=Amazon RSA 2048 M02, O=Amazon, C=US
16:52:30.582 [pool-1-thread-4] DEBUG karate.org.apache.http.impl.conn.DefaultHttpClientConnectionOperator - Connection established 192.168.1.8:56383<->23.22.130.173:443
16:52:30.582 [pool-1-thread-4] DEBUG karate.org.apache.http.impl.conn.DefaultManagedHttpClientConnection - http-outgoing-2: set socket timeout to 30000
16:52:30.582 [pool-1-thread-4] DEBUG karate.org.apache.http.impl.execchain.MainClientExec - Executing request GET /booking HTTP/1.1
16:52:30.582 [pool-1-thread-4] DEBUG karate.org.apache.http.impl.execchain.MainClientExec - Proxy auth state: UNCHALLENGED
16:52:30.582 [pool-1-thread-4] DEBUG karate.org.apache.http.headers - http-outgoing-2 >> GET /booking HTTP/1.1
16:52:30.582 [pool-1-thread-4] DEBUG karate.org.apache.http.headers - http-outgoing-2 >> Authorization: Token undefined
16:52:30.582 [pool-1-thread-4] DEBUG karate.org.apache.http.headers - http-outgoing-2 >> Host: restful-booker.herokuapp.com
16:52:30.582 [pool-1-thread-4] DEBUG karate.org.apache.http.headers - http-outgoing-2 >> Connection: Keep-Alive
16:52:30.582 [pool-1-thread-4] DEBUG karate.org.apache.http.headers - http-outgoing-2 >> User-Agent: Apache-HttpClient/4.5.13 (Java/1.8.0_321)
16:52:30.582 [pool-1-thread-4] DEBUG karate.org.apache.http.headers - http-outgoing-2 >> Accept-Encoding: gzip,deflate
16:52:30.582 [pool-1-thread-4] DEBUG karate.org.apache.http.wire - http-outgoing-2 >> "GET /booking HTTP/1.1[\r][\n]"
16:52:30.582 [pool-1-thread-4] DEBUG karate.org.apache.http.wire - http-outgoing-2 >> "Authorization: Token undefined[\r][\n]"
16:52:30.582 [pool-1-thread-4] DEBUG karate.org.apache.http.wire - http-outgoing-2 >> "Host: restful-booker.herokuapp.com[\r][\n]"
16:52:30.582 [pool-1-thread-4] DEBUG karate.org.apache.http.wire - http-outgoing-2 >> "Connection: Keep-Alive[\r][\n]"
16:52:30.582 [pool-1-thread-4] DEBUG karate.org.apache.http.wire - http-outgoing-2 >> "User-Agent: Apache-HttpClient/4.5.13 (Java/1.8.0_321)[\r][\n]"
16:52:30.582 [pool-1-thread-4] DEBUG karate.org.apache.http.wire - http-outgoing-2 >> "Accept-Encoding: gzip,deflate[\r][\n]"
16:52:30.582 [pool-1-thread-4] DEBUG karate.org.apache.http.wire - http-outgoing-2 >> "[\r][\n]"
16:52:30.615 [pool-1-thread-2] DEBUG karate.org.apache.http.conn.ssl.SSLConnectionSocketFactory - Secure session established
16:52:30.615 [pool-1-thread-2] DEBUG karate.org.apache.http.conn.ssl.SSLConnectionSocketFactory -  negotiated protocol: TLSv1.2
16:52:30.615 [pool-1-thread-2] DEBUG karate.org.apache.http.conn.ssl.SSLConnectionSocketFactory -  negotiated cipher suite: TLS_ECDHE_RSA_WITH_AES_128_GCM_SHA256
16:52:30.616 [pool-1-thread-2] DEBUG karate.org.apache.http.conn.ssl.SSLConnectionSocketFactory -  peer principal: CN=*.herokuapp.com
16:52:30.616 [pool-1-thread-2] DEBUG karate.org.apache.http.conn.ssl.SSLConnectionSocketFactory -  peer alternative names: [*.herokuapp.com]
16:52:30.616 [pool-1-thread-2] DEBUG karate.org.apache.http.conn.ssl.SSLConnectionSocketFactory -  issuer principal: CN=Amazon RSA 2048 M02, O=Amazon, C=US
16:52:30.616 [pool-1-thread-2] DEBUG karate.org.apache.http.impl.conn.DefaultHttpClientConnectionOperator - Connection established 192.168.1.8:56386<->23.22.130.173:443
16:52:30.616 [pool-1-thread-2] DEBUG karate.org.apache.http.impl.conn.DefaultManagedHttpClientConnection - http-outgoing-4: set socket timeout to 30000
16:52:30.616 [pool-1-thread-2] DEBUG karate.org.apache.http.impl.execchain.MainClientExec - Executing request POST /auth HTTP/1.1
16:52:30.616 [pool-1-thread-2] DEBUG karate.org.apache.http.impl.execchain.MainClientExec - Proxy auth state: UNCHALLENGED
16:52:30.616 [pool-1-thread-2] DEBUG karate.org.apache.http.headers - http-outgoing-4 >> POST /auth HTTP/1.1
16:52:30.616 [pool-1-thread-2] DEBUG karate.org.apache.http.headers - http-outgoing-4 >> Accept: application/json
16:52:30.616 [pool-1-thread-2] DEBUG karate.org.apache.http.headers - http-outgoing-4 >> Authorization: Token undefined
16:52:30.616 [pool-1-thread-2] DEBUG karate.org.apache.http.headers - http-outgoing-4 >> Content-Type: application/json; charset=UTF-8
16:52:30.616 [pool-1-thread-2] DEBUG karate.org.apache.http.headers - http-outgoing-4 >> Content-Length: 45
16:52:30.616 [pool-1-thread-2] DEBUG karate.org.apache.http.headers - http-outgoing-4 >> Host: restful-booker.herokuapp.com
16:52:30.616 [pool-1-thread-2] DEBUG karate.org.apache.http.headers - http-outgoing-4 >> Connection: Keep-Alive
16:52:30.616 [pool-1-thread-2] DEBUG karate.org.apache.http.headers - http-outgoing-4 >> User-Agent: Apache-HttpClient/4.5.13 (Java/1.8.0_321)
16:52:30.616 [pool-1-thread-2] DEBUG karate.org.apache.http.headers - http-outgoing-4 >> Accept-Encoding: gzip,deflate
16:52:30.616 [pool-1-thread-2] DEBUG karate.org.apache.http.wire - http-outgoing-4 >> "POST /auth HTTP/1.1[\r][\n]"
16:52:30.616 [pool-1-thread-2] DEBUG karate.org.apache.http.wire - http-outgoing-4 >> "Accept: application/json[\r][\n]"
16:52:30.616 [pool-1-thread-2] DEBUG karate.org.apache.http.wire - http-outgoing-4 >> "Authorization: Token undefined[\r][\n]"
16:52:30.616 [pool-1-thread-2] DEBUG karate.org.apache.http.wire - http-outgoing-4 >> "Content-Type: application/json; charset=UTF-8[\r][\n]"
16:52:30.616 [pool-1-thread-2] DEBUG karate.org.apache.http.wire - http-outgoing-4 >> "Content-Length: 45[\r][\n]"
16:52:30.616 [pool-1-thread-2] DEBUG karate.org.apache.http.wire - http-outgoing-4 >> "Host: restful-booker.herokuapp.com[\r][\n]"
16:52:30.616 [pool-1-thread-2] DEBUG karate.org.apache.http.wire - http-outgoing-4 >> "Connection: Keep-Alive[\r][\n]"
16:52:30.617 [pool-1-thread-2] DEBUG karate.org.apache.http.wire - http-outgoing-4 >> "User-Agent: Apache-HttpClient/4.5.13 (Java/1.8.0_321)[\r][\n]"
16:52:30.617 [pool-1-thread-2] DEBUG karate.org.apache.http.wire - http-outgoing-4 >> "Accept-Encoding: gzip,deflate[\r][\n]"
16:52:30.617 [pool-1-thread-2] DEBUG karate.org.apache.http.wire - http-outgoing-4 >> "[\r][\n]"
16:52:30.617 [pool-1-thread-2] DEBUG karate.org.apache.http.wire - http-outgoing-4 >> "{"username":"admin","password":"password123"}"
16:52:30.629 [pool-1-thread-1] DEBUG karate.org.apache.http.conn.ssl.SSLConnectionSocketFactory - Secure session established
16:52:30.629 [pool-1-thread-1] DEBUG karate.org.apache.http.conn.ssl.SSLConnectionSocketFactory -  negotiated protocol: TLSv1.2
16:52:30.629 [pool-1-thread-1] DEBUG karate.org.apache.http.conn.ssl.SSLConnectionSocketFactory -  negotiated cipher suite: TLS_ECDHE_RSA_WITH_AES_128_GCM_SHA256
16:52:30.629 [pool-1-thread-1] DEBUG karate.org.apache.http.conn.ssl.SSLConnectionSocketFactory -  peer principal: CN=*.herokuapp.com
16:52:30.629 [pool-1-thread-1] DEBUG karate.org.apache.http.conn.ssl.SSLConnectionSocketFactory -  peer alternative names: [*.herokuapp.com]
16:52:30.629 [pool-1-thread-1] DEBUG karate.org.apache.http.conn.ssl.SSLConnectionSocketFactory -  issuer principal: CN=Amazon RSA 2048 M02, O=Amazon, C=US
16:52:30.630 [pool-1-thread-1] DEBUG karate.org.apache.http.impl.conn.DefaultHttpClientConnectionOperator - Connection established 192.168.1.8:56384<->23.22.130.173:443
16:52:30.630 [pool-1-thread-1] DEBUG karate.org.apache.http.impl.conn.DefaultManagedHttpClientConnection - http-outgoing-3: set socket timeout to 30000
16:52:30.630 [pool-1-thread-1] DEBUG karate.org.apache.http.impl.execchain.MainClientExec - Executing request POST /auth HTTP/1.1
16:52:30.630 [pool-1-thread-1] DEBUG karate.org.apache.http.impl.execchain.MainClientExec - Proxy auth state: UNCHALLENGED
16:52:30.630 [pool-1-thread-1] DEBUG karate.org.apache.http.headers - http-outgoing-3 >> POST /auth HTTP/1.1
16:52:30.630 [pool-1-thread-1] DEBUG karate.org.apache.http.headers - http-outgoing-3 >> Accept: application/json
16:52:30.630 [pool-1-thread-1] DEBUG karate.org.apache.http.headers - http-outgoing-3 >> Authorization: Token undefined
16:52:30.630 [pool-1-thread-1] DEBUG karate.org.apache.http.headers - http-outgoing-3 >> Content-Type: application/json; charset=UTF-8
16:52:30.630 [pool-1-thread-1] DEBUG karate.org.apache.http.headers - http-outgoing-3 >> Content-Length: 45
16:52:30.630 [pool-1-thread-1] DEBUG karate.org.apache.http.headers - http-outgoing-3 >> Host: restful-booker.herokuapp.com
16:52:30.630 [pool-1-thread-1] DEBUG karate.org.apache.http.headers - http-outgoing-3 >> Connection: Keep-Alive
16:52:30.630 [pool-1-thread-1] DEBUG karate.org.apache.http.headers - http-outgoing-3 >> User-Agent: Apache-HttpClient/4.5.13 (Java/1.8.0_321)
16:52:30.630 [pool-1-thread-1] DEBUG karate.org.apache.http.headers - http-outgoing-3 >> Accept-Encoding: gzip,deflate
16:52:30.630 [pool-1-thread-1] DEBUG karate.org.apache.http.wire - http-outgoing-3 >> "POST /auth HTTP/1.1[\r][\n]"
16:52:30.630 [pool-1-thread-1] DEBUG karate.org.apache.http.wire - http-outgoing-3 >> "Accept: application/json[\r][\n]"
16:52:30.630 [pool-1-thread-1] DEBUG karate.org.apache.http.wire - http-outgoing-3 >> "Authorization: Token undefined[\r][\n]"
16:52:30.630 [pool-1-thread-1] DEBUG karate.org.apache.http.wire - http-outgoing-3 >> "Content-Type: application/json; charset=UTF-8[\r][\n]"
16:52:30.630 [pool-1-thread-1] DEBUG karate.org.apache.http.wire - http-outgoing-3 >> "Content-Length: 45[\r][\n]"
16:52:30.630 [pool-1-thread-1] DEBUG karate.org.apache.http.wire - http-outgoing-3 >> "Host: restful-booker.herokuapp.com[\r][\n]"
16:52:30.630 [pool-1-thread-1] DEBUG karate.org.apache.http.wire - http-outgoing-3 >> "Connection: Keep-Alive[\r][\n]"
16:52:30.630 [pool-1-thread-1] DEBUG karate.org.apache.http.wire - http-outgoing-3 >> "User-Agent: Apache-HttpClient/4.5.13 (Java/1.8.0_321)[\r][\n]"
16:52:30.630 [pool-1-thread-1] DEBUG karate.org.apache.http.wire - http-outgoing-3 >> "Accept-Encoding: gzip,deflate[\r][\n]"
16:52:30.630 [pool-1-thread-1] DEBUG karate.org.apache.http.wire - http-outgoing-3 >> "[\r][\n]"
16:52:30.630 [pool-1-thread-1] DEBUG karate.org.apache.http.wire - http-outgoing-3 >> "{"username":"admin","password":"password123"}"
16:52:30.633 [pool-1-thread-5] DEBUG karate.org.apache.http.conn.ssl.SSLConnectionSocketFactory - Secure session established
16:52:30.633 [pool-1-thread-5] DEBUG karate.org.apache.http.conn.ssl.SSLConnectionSocketFactory -  negotiated protocol: TLSv1.2
16:52:30.633 [pool-1-thread-5] DEBUG karate.org.apache.http.conn.ssl.SSLConnectionSocketFactory -  negotiated cipher suite: TLS_ECDHE_RSA_WITH_AES_128_GCM_SHA256
16:52:30.633 [pool-1-thread-5] DEBUG karate.org.apache.http.conn.ssl.SSLConnectionSocketFactory -  peer principal: CN=*.herokuapp.com
16:52:30.633 [pool-1-thread-5] DEBUG karate.org.apache.http.conn.ssl.SSLConnectionSocketFactory -  peer alternative names: [*.herokuapp.com]
16:52:30.633 [pool-1-thread-5] DEBUG karate.org.apache.http.conn.ssl.SSLConnectionSocketFactory -  issuer principal: CN=Amazon RSA 2048 M02, O=Amazon, C=US
16:52:30.633 [pool-1-thread-5] DEBUG karate.org.apache.http.impl.conn.DefaultHttpClientConnectionOperator - Connection established 192.168.1.8:56385<->23.22.130.173:443
16:52:30.633 [pool-1-thread-5] DEBUG karate.org.apache.http.impl.conn.DefaultManagedHttpClientConnection - http-outgoing-5: set socket timeout to 30000
16:52:30.633 [pool-1-thread-5] DEBUG karate.org.apache.http.impl.execchain.MainClientExec - Executing request POST /auth HTTP/1.1
16:52:30.633 [pool-1-thread-5] DEBUG karate.org.apache.http.impl.execchain.MainClientExec - Proxy auth state: UNCHALLENGED
16:52:30.633 [pool-1-thread-5] DEBUG karate.org.apache.http.headers - http-outgoing-5 >> POST /auth HTTP/1.1
16:52:30.633 [pool-1-thread-5] DEBUG karate.org.apache.http.headers - http-outgoing-5 >> Accept: application/json
16:52:30.633 [pool-1-thread-5] DEBUG karate.org.apache.http.headers - http-outgoing-5 >> Authorization: Token undefined
16:52:30.633 [pool-1-thread-5] DEBUG karate.org.apache.http.headers - http-outgoing-5 >> Content-Type: application/json; charset=UTF-8
16:52:30.633 [pool-1-thread-5] DEBUG karate.org.apache.http.headers - http-outgoing-5 >> Content-Length: 45
16:52:30.633 [pool-1-thread-5] DEBUG karate.org.apache.http.headers - http-outgoing-5 >> Host: restful-booker.herokuapp.com
16:52:30.634 [pool-1-thread-5] DEBUG karate.org.apache.http.headers - http-outgoing-5 >> Connection: Keep-Alive
16:52:30.634 [pool-1-thread-5] DEBUG karate.org.apache.http.headers - http-outgoing-5 >> User-Agent: Apache-HttpClient/4.5.13 (Java/1.8.0_321)
16:52:30.634 [pool-1-thread-5] DEBUG karate.org.apache.http.headers - http-outgoing-5 >> Accept-Encoding: gzip,deflate
16:52:30.634 [pool-1-thread-5] DEBUG karate.org.apache.http.wire - http-outgoing-5 >> "POST /auth HTTP/1.1[\r][\n]"
16:52:30.634 [pool-1-thread-5] DEBUG karate.org.apache.http.wire - http-outgoing-5 >> "Accept: application/json[\r][\n]"
16:52:30.634 [pool-1-thread-5] DEBUG karate.org.apache.http.wire - http-outgoing-5 >> "Authorization: Token undefined[\r][\n]"
16:52:30.634 [pool-1-thread-5] DEBUG karate.org.apache.http.wire - http-outgoing-5 >> "Content-Type: application/json; charset=UTF-8[\r][\n]"
16:52:30.634 [pool-1-thread-5] DEBUG karate.org.apache.http.wire - http-outgoing-5 >> "Content-Length: 45[\r][\n]"
16:52:30.634 [pool-1-thread-5] DEBUG karate.org.apache.http.wire - http-outgoing-5 >> "Host: restful-booker.herokuapp.com[\r][\n]"
16:52:30.634 [pool-1-thread-5] DEBUG karate.org.apache.http.wire - http-outgoing-5 >> "Connection: Keep-Alive[\r][\n]"
16:52:30.634 [pool-1-thread-5] DEBUG karate.org.apache.http.wire - http-outgoing-5 >> "User-Agent: Apache-HttpClient/4.5.13 (Java/1.8.0_321)[\r][\n]"
16:52:30.634 [pool-1-thread-5] DEBUG karate.org.apache.http.wire - http-outgoing-5 >> "Accept-Encoding: gzip,deflate[\r][\n]"
16:52:30.634 [pool-1-thread-5] DEBUG karate.org.apache.http.wire - http-outgoing-5 >> "[\r][\n]"
16:52:30.634 [pool-1-thread-5] DEBUG karate.org.apache.http.wire - http-outgoing-5 >> "{"username":"admin","password":"password123"}"
16:52:30.656 [pool-1-thread-3] DEBUG karate.org.apache.http.wire - http-outgoing-1 << "HTTP/1.1 201 Created[\r][\n]"
16:52:30.656 [pool-1-thread-3] DEBUG karate.org.apache.http.wire - http-outgoing-1 << "Server: Cowboy[\r][\n]"
16:52:30.656 [pool-1-thread-3] DEBUG karate.org.apache.http.wire - http-outgoing-1 << "Report-To: {"group":"heroku-nel","max_age":3600,"endpoints":[{"url":"https://nel.heroku.com/reports?ts=1724449949&sid=c46efe9b-d3d2-4a0c-8c76-bfafa16c5add&s=fJRZ3YSjMXpjwNU%2BPaMV%2BmbPkfahZeIXOqhpRAoe%2F3U%3D"}]}[\r][\n]"
16:52:30.656 [pool-1-thread-3] DEBUG karate.org.apache.http.wire - http-outgoing-1 << "Reporting-Endpoints: heroku-nel=https://nel.heroku.com/reports?ts=1724449949&sid=c46efe9b-d3d2-4a0c-8c76-bfafa16c5add&s=fJRZ3YSjMXpjwNU%2BPaMV%2BmbPkfahZeIXOqhpRAoe%2F3U%3D[\r][\n]"
16:52:30.656 [pool-1-thread-3] DEBUG karate.org.apache.http.wire - http-outgoing-1 << "Nel: {"report_to":"heroku-nel","max_age":3600,"success_fraction":0.005,"failure_fraction":0.05,"response_headers":["Via"]}[\r][\n]"
16:52:30.656 [pool-1-thread-3] DEBUG karate.org.apache.http.wire - http-outgoing-1 << "Connection: keep-alive[\r][\n]"
16:52:30.656 [pool-1-thread-3] DEBUG karate.org.apache.http.wire - http-outgoing-1 << "X-Powered-By: Express[\r][\n]"
16:52:30.657 [pool-1-thread-3] DEBUG karate.org.apache.http.wire - http-outgoing-1 << "Content-Type: text/plain; charset=utf-8[\r][\n]"
16:52:30.657 [pool-1-thread-3] DEBUG karate.org.apache.http.wire - http-outgoing-1 << "Content-Length: 7[\r][\n]"
16:52:30.657 [pool-1-thread-3] DEBUG karate.org.apache.http.wire - http-outgoing-1 << "Etag: W/"7-rM9AyJuqT6iOan/xHh+AW+7K/T8"[\r][\n]"
16:52:30.657 [pool-1-thread-3] DEBUG karate.org.apache.http.wire - http-outgoing-1 << "Date: Fri, 23 Aug 2024 21:52:29 GMT[\r][\n]"
16:52:30.657 [pool-1-thread-3] DEBUG karate.org.apache.http.wire - http-outgoing-1 << "Via: 1.1 vegur[\r][\n]"
16:52:30.657 [pool-1-thread-3] DEBUG karate.org.apache.http.wire - http-outgoing-1 << "[\r][\n]"
16:52:30.657 [pool-1-thread-3] DEBUG karate.org.apache.http.wire - http-outgoing-1 << "Created"
16:52:30.657 [pool-1-thread-3] DEBUG karate.org.apache.http.headers - http-outgoing-1 << HTTP/1.1 201 Created
16:52:30.657 [pool-1-thread-3] DEBUG karate.org.apache.http.headers - http-outgoing-1 << Server: Cowboy
16:52:30.657 [pool-1-thread-3] DEBUG karate.org.apache.http.headers - http-outgoing-1 << Report-To: {"group":"heroku-nel","max_age":3600,"endpoints":[{"url":"https://nel.heroku.com/reports?ts=1724449949&sid=c46efe9b-d3d2-4a0c-8c76-bfafa16c5add&s=fJRZ3YSjMXpjwNU%2BPaMV%2BmbPkfahZeIXOqhpRAoe%2F3U%3D"}]}
16:52:30.657 [pool-1-thread-3] DEBUG karate.org.apache.http.headers - http-outgoing-1 << Reporting-Endpoints: heroku-nel=https://nel.heroku.com/reports?ts=1724449949&sid=c46efe9b-d3d2-4a0c-8c76-bfafa16c5add&s=fJRZ3YSjMXpjwNU%2BPaMV%2BmbPkfahZeIXOqhpRAoe%2F3U%3D
16:52:30.657 [pool-1-thread-3] DEBUG karate.org.apache.http.headers - http-outgoing-1 << Nel: {"report_to":"heroku-nel","max_age":3600,"success_fraction":0.005,"failure_fraction":0.05,"response_headers":["Via"]}
16:52:30.657 [pool-1-thread-3] DEBUG karate.org.apache.http.headers - http-outgoing-1 << Connection: keep-alive
16:52:30.657 [pool-1-thread-3] DEBUG karate.org.apache.http.headers - http-outgoing-1 << X-Powered-By: Express
16:52:30.657 [pool-1-thread-3] DEBUG karate.org.apache.http.headers - http-outgoing-1 << Content-Type: text/plain; charset=utf-8
16:52:30.657 [pool-1-thread-3] DEBUG karate.org.apache.http.headers - http-outgoing-1 << Content-Length: 7
16:52:30.657 [pool-1-thread-3] DEBUG karate.org.apache.http.headers - http-outgoing-1 << Etag: W/"7-rM9AyJuqT6iOan/xHh+AW+7K/T8"
16:52:30.657 [pool-1-thread-3] DEBUG karate.org.apache.http.headers - http-outgoing-1 << Date: Fri, 23 Aug 2024 21:52:29 GMT
16:52:30.657 [pool-1-thread-3] DEBUG karate.org.apache.http.headers - http-outgoing-1 << Via: 1.1 vegur
16:52:30.657 [pool-1-thread-3] DEBUG karate.org.apache.http.impl.execchain.MainClientExec - Connection can be kept alive indefinitely
16:52:30.657 [pool-1-thread-3] DEBUG karate.org.apache.http.impl.conn.PoolingHttpClientConnectionManager - Connection [id: 1][route: {s}->https://restful-booker.herokuapp.com:443] can be kept alive indefinitely
16:52:30.657 [pool-1-thread-3] DEBUG karate.org.apache.http.impl.conn.DefaultManagedHttpClientConnection - http-outgoing-1: set socket timeout to 0
16:52:30.657 [pool-1-thread-3] DEBUG karate.org.apache.http.impl.conn.PoolingHttpClientConnectionManager - Connection released: [id: 1][route: {s}->https://restful-booker.herokuapp.com:443][total available: 1; route allocated: 1 of 5; total allocated: 1 of 10]
16:52:30.658 [pool-1-thread-3] DEBUG com.intuit.karate - response time in milliseconds: 341
1 < 201
1 < Server: Cowboy
1 < Report-To: {"group":"heroku-nel","max_age":3600,"endpoints":[{"url":"https://nel.heroku.com/reports?ts=1724449949&sid=c46efe9b-d3d2-4a0c-8c76-bfafa16c5add&s=fJRZ3YSjMXpjwNU%2BPaMV%2BmbPkfahZeIXOqhpRAoe%2F3U%3D"}]}
1 < Reporting-Endpoints: heroku-nel=https://nel.heroku.com/reports?ts=1724449949&sid=c46efe9b-d3d2-4a0c-8c76-bfafa16c5add&s=fJRZ3YSjMXpjwNU%2BPaMV%2BmbPkfahZeIXOqhpRAoe%2F3U%3D
1 < Nel: {"report_to":"heroku-nel","max_age":3600,"success_fraction":0.005,"failure_fraction":0.05,"response_headers":["Via"]}
1 < Connection: keep-alive
1 < X-Powered-By: Express
1 < Content-Type: text/plain; charset=utf-8
1 < Content-Length: 7
1 < Etag: W/"7-rM9AyJuqT6iOan/xHh+AW+7K/T8"
1 < Date: Fri, 23 Aug 2024 21:52:29 GMT
1 < Via: 1.1 vegur
Created
16:52:30.662 [pool-1-thread-3] INFO com.intuit.karate - [print] deleteResponse:  Created 
16:52:30.680 [pool-1-thread-3] INFO com.intuit.karate - karate.env system property was: null 
16:52:30.694 [pool-1-thread-3] INFO com.intuit.karate.core.FeatureRuntime - classpath:features/token/createToken.feature - call by tag at line 8: CreateToken
16:52:30.704 [pool-1-thread-2] DEBUG karate.org.apache.http.wire - http-outgoing-4 << "HTTP/1.1 200 OK[\r][\n]"
16:52:30.704 [pool-1-thread-2] DEBUG karate.org.apache.http.wire - http-outgoing-4 << "Server: Cowboy[\r][\n]"
16:52:30.704 [pool-1-thread-2] DEBUG karate.org.apache.http.wire - http-outgoing-4 << "Report-To: {"group":"heroku-nel","max_age":3600,"endpoints":[{"url":"https://nel.heroku.com/reports?ts=1724449949&sid=c46efe9b-d3d2-4a0c-8c76-bfafa16c5add&s=fJRZ3YSjMXpjwNU%2BPaMV%2BmbPkfahZeIXOqhpRAoe%2F3U%3D"}]}[\r][\n]"
16:52:30.704 [pool-1-thread-2] DEBUG karate.org.apache.http.wire - http-outgoing-4 << "Reporting-Endpoints: heroku-nel=https://nel.heroku.com/reports?ts=1724449949&sid=c46efe9b-d3d2-4a0c-8c76-bfafa16c5add&s=fJRZ3YSjMXpjwNU%2BPaMV%2BmbPkfahZeIXOqhpRAoe%2F3U%3D[\r][\n]"
16:52:30.704 [pool-1-thread-2] DEBUG karate.org.apache.http.wire - http-outgoing-4 << "Nel: {"report_to":"heroku-nel","max_age":3600,"success_fraction":0.005,"failure_fraction":0.05,"response_headers":["Via"]}[\r][\n]"
16:52:30.704 [pool-1-thread-2] DEBUG karate.org.apache.http.wire - http-outgoing-4 << "Connection: keep-alive[\r][\n]"
16:52:30.704 [pool-1-thread-2] DEBUG karate.org.apache.http.wire - http-outgoing-4 << "X-Powered-By: Express[\r][\n]"
16:52:30.704 [pool-1-thread-2] DEBUG karate.org.apache.http.wire - http-outgoing-4 << "Content-Type: application/json; charset=utf-8[\r][\n]"
16:52:30.704 [pool-1-thread-2] DEBUG karate.org.apache.http.wire - http-outgoing-4 << "Content-Length: 27[\r][\n]"
16:52:30.704 [pool-1-thread-2] DEBUG karate.org.apache.http.wire - http-outgoing-4 << "Etag: W/"1b-94SdX6Jb259mPfwGOwB7aibRmz8"[\r][\n]"
16:52:30.704 [pool-1-thread-2] DEBUG karate.org.apache.http.wire - http-outgoing-4 << "Date: Fri, 23 Aug 2024 21:52:29 GMT[\r][\n]"
16:52:30.704 [pool-1-thread-2] DEBUG karate.org.apache.http.wire - http-outgoing-4 << "Via: 1.1 vegur[\r][\n]"
16:52:30.704 [pool-1-thread-2] DEBUG karate.org.apache.http.wire - http-outgoing-4 << "[\r][\n]"
16:52:30.704 [pool-1-thread-2] DEBUG karate.org.apache.http.wire - http-outgoing-4 << "{"token":"e3b17153285aa2b"}"
16:52:30.704 [pool-1-thread-2] DEBUG karate.org.apache.http.headers - http-outgoing-4 << HTTP/1.1 200 OK
16:52:30.704 [pool-1-thread-2] DEBUG karate.org.apache.http.headers - http-outgoing-4 << Server: Cowboy
16:52:30.704 [pool-1-thread-2] DEBUG karate.org.apache.http.headers - http-outgoing-4 << Report-To: {"group":"heroku-nel","max_age":3600,"endpoints":[{"url":"https://nel.heroku.com/reports?ts=1724449949&sid=c46efe9b-d3d2-4a0c-8c76-bfafa16c5add&s=fJRZ3YSjMXpjwNU%2BPaMV%2BmbPkfahZeIXOqhpRAoe%2F3U%3D"}]}
16:52:30.704 [pool-1-thread-2] DEBUG karate.org.apache.http.headers - http-outgoing-4 << Reporting-Endpoints: heroku-nel=https://nel.heroku.com/reports?ts=1724449949&sid=c46efe9b-d3d2-4a0c-8c76-bfafa16c5add&s=fJRZ3YSjMXpjwNU%2BPaMV%2BmbPkfahZeIXOqhpRAoe%2F3U%3D
16:52:30.704 [pool-1-thread-2] DEBUG karate.org.apache.http.headers - http-outgoing-4 << Nel: {"report_to":"heroku-nel","max_age":3600,"success_fraction":0.005,"failure_fraction":0.05,"response_headers":["Via"]}
16:52:30.704 [pool-1-thread-2] DEBUG karate.org.apache.http.headers - http-outgoing-4 << Connection: keep-alive
16:52:30.704 [pool-1-thread-2] DEBUG karate.org.apache.http.headers - http-outgoing-4 << X-Powered-By: Express
16:52:30.704 [pool-1-thread-2] DEBUG karate.org.apache.http.headers - http-outgoing-4 << Content-Type: application/json; charset=utf-8
16:52:30.704 [pool-1-thread-2] DEBUG karate.org.apache.http.headers - http-outgoing-4 << Content-Length: 27
16:52:30.704 [pool-1-thread-2] DEBUG karate.org.apache.http.headers - http-outgoing-4 << Etag: W/"1b-94SdX6Jb259mPfwGOwB7aibRmz8"
16:52:30.704 [pool-1-thread-2] DEBUG karate.org.apache.http.headers - http-outgoing-4 << Date: Fri, 23 Aug 2024 21:52:29 GMT
16:52:30.704 [pool-1-thread-2] DEBUG karate.org.apache.http.headers - http-outgoing-4 << Via: 1.1 vegur
16:52:30.704 [pool-1-thread-2] DEBUG karate.org.apache.http.impl.execchain.MainClientExec - Connection can be kept alive indefinitely
16:52:30.705 [pool-1-thread-2] DEBUG karate.org.apache.http.impl.conn.PoolingHttpClientConnectionManager - Connection [id: 4][route: {s}->https://restful-booker.herokuapp.com:443] can be kept alive indefinitely
16:52:30.705 [pool-1-thread-2] DEBUG karate.org.apache.http.impl.conn.DefaultManagedHttpClientConnection - http-outgoing-4: set socket timeout to 0
16:52:30.705 [pool-1-thread-2] DEBUG karate.org.apache.http.impl.conn.PoolingHttpClientConnectionManager - Connection released: [id: 4][route: {s}->https://restful-booker.herokuapp.com:443][total available: 1; route allocated: 1 of 5; total allocated: 1 of 10]
16:52:30.705 [pool-1-thread-2] DEBUG com.intuit.karate - response time in milliseconds: 364
1 < 200
1 < Server: Cowboy
1 < Report-To: {"group":"heroku-nel","max_age":3600,"endpoints":[{"url":"https://nel.heroku.com/reports?ts=1724449949&sid=c46efe9b-d3d2-4a0c-8c76-bfafa16c5add&s=fJRZ3YSjMXpjwNU%2BPaMV%2BmbPkfahZeIXOqhpRAoe%2F3U%3D"}]}
1 < Reporting-Endpoints: heroku-nel=https://nel.heroku.com/reports?ts=1724449949&sid=c46efe9b-d3d2-4a0c-8c76-bfafa16c5add&s=fJRZ3YSjMXpjwNU%2BPaMV%2BmbPkfahZeIXOqhpRAoe%2F3U%3D
1 < Nel: {"report_to":"heroku-nel","max_age":3600,"success_fraction":0.005,"failure_fraction":0.05,"response_headers":["Via"]}
1 < Connection: keep-alive
1 < X-Powered-By: Express
1 < Content-Type: application/json; charset=utf-8
1 < Content-Length: 27
1 < Etag: W/"1b-94SdX6Jb259mPfwGOwB7aibRmz8"
1 < Date: Fri, 23 Aug 2024 21:52:29 GMT
1 < Via: 1.1 vegur
{
  "token": "e3b17153285aa2b"
}

16:52:30.707 [pool-1-thread-3] DEBUG com.jayway.jsonpath.internal.path.CompiledPath - Evaluating path: $
16:52:30.707 [pool-1-thread-4] DEBUG karate.org.apache.http.wire - http-outgoing-2 << "HTTP/1.1 200 OK[\r][\n]"
16:52:30.707 [pool-1-thread-4] DEBUG karate.org.apache.http.wire - http-outgoing-2 << "Server: Cowboy[\r][\n]"
16:52:30.707 [pool-1-thread-4] DEBUG karate.org.apache.http.wire - http-outgoing-2 << "Report-To: {"group":"heroku-nel","max_age":3600,"endpoints":[{"url":"https://nel.heroku.com/reports?ts=1724449949&sid=c46efe9b-d3d2-4a0c-8c76-bfafa16c5add&s=fJRZ3YSjMXpjwNU%2BPaMV%2BmbPkfahZeIXOqhpRAoe%2F3U%3D"}]}[\r][\n]"
16:52:30.707 [pool-1-thread-4] DEBUG karate.org.apache.http.wire - http-outgoing-2 << "Reporting-Endpoints: heroku-nel=https://nel.heroku.com/reports?ts=1724449949&sid=c46efe9b-d3d2-4a0c-8c76-bfafa16c5add&s=fJRZ3YSjMXpjwNU%2BPaMV%2BmbPkfahZeIXOqhpRAoe%2F3U%3D[\r][\n]"
16:52:30.707 [pool-1-thread-4] DEBUG karate.org.apache.http.wire - http-outgoing-2 << "Nel: {"report_to":"heroku-nel","max_age":3600,"success_fraction":0.005,"failure_fraction":0.05,"response_headers":["Via"]}[\r][\n]"
16:52:30.707 [pool-1-thread-4] DEBUG karate.org.apache.http.wire - http-outgoing-2 << "Connection: keep-alive[\r][\n]"
16:52:30.707 [pool-1-thread-4] DEBUG karate.org.apache.http.wire - http-outgoing-2 << "X-Powered-By: Express[\r][\n]"
16:52:30.707 [pool-1-thread-4] DEBUG karate.org.apache.http.wire - http-outgoing-2 << "Content-Type: application/json; charset=utf-8[\r][\n]"
16:52:30.707 [pool-1-thread-4] DEBUG karate.org.apache.http.wire - http-outgoing-2 << "Content-Length: 13846[\r][\n]"
16:52:30.707 [pool-1-thread-4] DEBUG karate.org.apache.http.wire - http-outgoing-2 << "Etag: W/"3616-Y0fmJhu0wCrMqT7gfJyCLzwG2GA"[\r][\n]"
16:52:30.707 [pool-1-thread-4] DEBUG karate.org.apache.http.wire - http-outgoing-2 << "Date: Fri, 23 Aug 2024 21:52:29 GMT[\r][\n]"
16:52:30.707 [pool-1-thread-4] DEBUG karate.org.apache.http.wire - http-outgoing-2 << "Via: 1.1 vegur[\r][\n]"
16:52:30.707 [pool-1-thread-4] DEBUG karate.org.apache.http.wire - http-outgoing-2 << "[\r][\n]"
16:52:30.708 [pool-1-thread-4] DEBUG karate.org.apache.http.wire - http-outgoing-2 << "[{"bookingid":167},{"bookingid":871},{"bookingid":868},{"bookingid":198},{"bookingid":969},{"bookingid":27},{"bookingid":977},{"bookingid":675},{"bookingid":717},{"bookingid":948},{"bookingid":336},{"bookingid":744},{"bookingid":994},{"bookingid":703},{"bookingid":773},{"bookingid":144},{"bookingid":367},{"bookingid":162},{"bookingid":851},{"bookingid":808},{"bookingid":1101},{"bookingid":16},{"bookingid":1068},{"bookingid":659},{"bookingid":58},{"bookingid":544},{"bookingid":117},{"bookingid":796},{"bookingid":208},{"bookingid":10},{"bookingid":310},{"bookingid":298},{"bookingid":85},{"bookingid":36},{"bookingid":531},{"bookingid":453},{"bookingid":74},{"bookingid":866},{"bookingid":345},{"bookingid":238},{"bookingid":181},{"bookingid":841},{"bookingid":268},{"bookingid":754},{"bookingid":187},{"bookingid":779},{"bookingid":554},{"bookingid":258},{"bookingid":726},{"bookingid":791},{"bookingid":832},{"bookingid":340},{"bookingid":448},{"bookingid":332},{"bookingid":460},{"bookingid":640},{"bookingid":568},{"bookingid":92},{"bookingid":596},{"bookingid":570},{"bookingid":82},{"bookingid":738},{"bookingid":233},{"bookingid":1097},{"bookingid":126},{"bookingid":538},{"bookingid":72},{"bookingid":52},{"bookingid":205},{"bookingid":61},{"bookingid":71},{"bookingid":557},{"bookingid":1099},{"bookingid":1},{"bookingid":968},{"bookingid":59},{"bookingid":270},{"bookingid":904},{"bookingid":20},{"bookingid":338},{"bookingid":386},{"bookingid":403},{"bookingid":241},{"bookingid":732},{"bookingid":1031},{"bookingid":1013},{"bookingid":254},{"bookingid":509},{"bookingid":694},{"bookingid":474},{"bookingid":193},{"bookingid":39},{"bookingid":746},{"bookingid":541},{"bookingid":953},{"bookingid":520},{"bookingid":34},{"bookingid":431},{"bookingid":430},{"bookingid":834},{"bookingid":631},{"bookingid":404},{"bookingid":192},{"bookingid":552},{"bookingid":328},{"bookingid":861},{"bookingid":965},{"bookingid":370},{"bookingid":503},{"bookingid":396},{"bookingid":267},{"bookingid":120},{"bookingid":788},{"bookingid":906},{"bookingid":854},{"bookingid":599},{"bookingid":477},{"bookingid":239},{"bookingid":1056},{"bookingid":537},{"bookingid":1049},{"bookingid":862},{"bookingid":684},{"bookingid":682},{"bookingid":685},{"bookingid":286},{"bookingid":18},{"bookingid":1063},{"bookingid":642},{"bookingid":392},{"bookingid":1078},{"bookingid":369},{"bookingid":878},{"bookingid":565},{"bookingid":609},{"bookingid":714},{"bookingid":280},{"bookingid":51},{"bookingid":231},{"bookingid":1070},{"bookingid":200},{"bookingid":1107},{"bookingid":1108},{"bookingid":930},{"bookingid":1016},{"bookingid":384},{"bookingid":920},{"bookingid":473},{"bookingid":176},{"bookingid":87},{"bookingid":615},{"bookingid":249},{"bookingid":225},{"bookingid":1065},{"bookingid":299},{"bookingid":507},{"bookingid":252},{"bookingid":580},{"bookingid":847},{"bookingid":438},{"bookingid":1024},{"bookingid":598},{"bookingid":1027},{"bookingid":652},{"bookingid":800},{"bookingid":625},{"bookingid":357},{"bookingid":486},{"bookingid":605},{"bookingid":12},{"bookingid":749},{"bookingid":450},{"bookingid":303},{"bookingid":429},{"bookingid":929},{"bookingid":676},{"bookingid":678},{"bookingid":415},{"bookingid":910},{"bookingid":627},{"bookingid":128},{"bookingid":670},{"bookingid":801},{"bookingid":775},{"bookingid":265},{"bookingid":93},{"bookingid":346},{"bookingid":548},{"bookingid":424},{"bookingid":620},{"bookingid":260},{"bookingid":648},{"bookingid":556},{"bookingid":534},{"bookingid":458},{"bookingid":122},{"bookingid":491},{"bookingid":697},{"bookingid":879},{"bookingid":248},{"bookingid":575},{"bookingid":147},{"bookingid":907},{"bookingid":549},{"bookingid":955},{"bookingid":1025},{"bookingid":989},{"bookingid":686},{"bookingid":937},{"bookingid":446},{"bookingid":962},{"bookingid":221},{"bookingid":441},{"bookingid":78},{"bookingid":759},{"bookingid":321},{"bookingid":282},{"bookingid":893},{"bookingid":776},{"bookingid":1087},{"bookingid":11},{"bookingid":1019},{"bookingid":135},{"bookingid":472},{"bookingid":1060},{"bookingid":778},{"bookingid":70},{"bookingid":528},{"bookingid":358},{"bookingid":585},{"bookingid":696},{"bookingid":405},{"bookingid":160},{"bookingid":894},{"bookingid":1053},{"bookingid":660},{"bookingid":422},{"bookingid":725},{"bookingid":535},{"bookingid":822},{"bookingid":941},{"bookingid":352},{"bookingid":511},{"bookingid":748},{"bookingid":1050},{"bookingid":216},{"bookingid":75},{"bookingid":246},{"bookingid":410},{"bookingid":892},{"bookingid":898},{"bookingid":610},{"bookingid":671},{"bookingid":949},{"bookingid":780},{"bookingid":1073},{"bookingid":1012},{"bookingid":80},{"bookingid":613},{"bookingid":391},{"bookingid":272},{"bookingid":173},{"bookingid":886},{"bookingid":785},{"bookingid":64},{"bookingid":23},{"bookingid":108},{"bookingid":583},{"bookingid":742},{"bookingid":663},{"bookingid":456},{"bookingid":185},{"bookingid":1009},{"bookingid":865},{"bookingid":195},{"bookingid":380},{"bookingid":255},{"bookingid":524},{"bookingid":170},{"bookingid":942},{"bookingid":768},{"bookingid":619},{"bookingid":13},{"bookingid":821},{"bookingid":695},{"bookingid":322},{"bookingid":483},{"bookingid":634},{"bookingid":495},{"bookingid":933},{"bookingid":1023},{"bookingid":116},{"bookingid":190},{"bookingid":899},{"bookingid":995},{"bookingid":547},{"bookingid":641},{"bookingid":4},{"bookingid":26},{"bookingid":1046},{"bookingid":140},{"bookingid":152},{"bookingid":99},{"bookingid":327},{"bookingid":15},{"bookingid":1020},{"bookingid":261},{"bookingid":794},{"bookingid":647},{"bookingid":289},{"bookingid":502},{"bookingid":728},{"bookingid":259},{"bookingid":361},{"bookingid":512},{"bookingid":57},{"bookingid":331},{"bookingid":1028},{"bookingid":839},{"bookingid":624},{"bookingid":164},{"bookingid":232},{"bookingid":1074},{"bookingid":156},{"bookingid":127},{"bookingid":501},{"bookingid":304},{"bookingid":355},{"bookingid":587},{"bookingid":351},{"bookingid":562},{"bookingid":593},{"bookingid":83},{"bookingid":1089},{"bookingid":919},{"bookingid":399},{"bookingid":240},{"bookingid":291},{"bookingid":905},{"bookingid":1011},{"bookingid":895},{"bookingid":628},{"bookingid":612},{"bookingid":212},{"bookingid":712},{"bookingid":364},{"bookingid":658},{"bookingid":998},{"bookingid":1100},{"bookingid":1091},{"bookingid":645},{"bookingid":1045},{"bookingid":1062},{"bookingid":1102},{"bookingid":387},{"bookingid":857},{"bookingid":43},{"bookingid":445},{"bookingid":341},{"bookingid":134},{"bookingid":988},{"bookingid":106},{"bookingid":1036},{"bookingid":760},{"bookingid":846},{"bookingid":542},{"bookingid":158},{"bookingid":107},{"bookingid":455},{"bookingid":228},{"bookingid":957},{"bookingid":654},{"bookingid":150},{"bookingid":8},{"bookingid":956},{"bookingid":888},{"bookingid":375},{"bookingid":1004},{"bookingid":803},{"bookingid":1001},{"bookingid":222},{"bookingid":462},{"bookingid":944},{"bookingid":936},{"bookingid":626},{"bookingid":425},{"bookingid":826},{"bookingid":343},{"bookingid":504},{"bookingid":213},{"bookingid":590},{"bookingid":271},{"bookingid":838},{"bookingid":525},{"bookingid":1026},{"bookingid":439},{"bookingid":767},{"bookingid":94},{"bookingid":247},{"bookingid":772},{"bookingid":253},{"bookingid":1044},{"bookingid":618},{"bookingid":816},{"bookingid":784},{"bookingid":559},{"bookingid":771},{"bookingid":175},{"bookingid":50},{"bookingid":581},{"bookingid":751},{"bookingid":317},{"bookingid":6"
16:52:30.708 [pool-1-thread-4] DEBUG karate.org.apache.http.headers - http-outgoing-2 << HTTP/1.1 200 OK
16:52:30.708 [pool-1-thread-4] DEBUG karate.org.apache.http.headers - http-outgoing-2 << Server: Cowboy
16:52:30.708 [pool-1-thread-4] DEBUG karate.org.apache.http.headers - http-outgoing-2 << Report-To: {"group":"heroku-nel","max_age":3600,"endpoints":[{"url":"https://nel.heroku.com/reports?ts=1724449949&sid=c46efe9b-d3d2-4a0c-8c76-bfafa16c5add&s=fJRZ3YSjMXpjwNU%2BPaMV%2BmbPkfahZeIXOqhpRAoe%2F3U%3D"}]}
16:52:30.708 [pool-1-thread-4] DEBUG karate.org.apache.http.headers - http-outgoing-2 << Reporting-Endpoints: heroku-nel=https://nel.heroku.com/reports?ts=1724449949&sid=c46efe9b-d3d2-4a0c-8c76-bfafa16c5add&s=fJRZ3YSjMXpjwNU%2BPaMV%2BmbPkfahZeIXOqhpRAoe%2F3U%3D
16:52:30.708 [pool-1-thread-4] DEBUG karate.org.apache.http.headers - http-outgoing-2 << Nel: {"report_to":"heroku-nel","max_age":3600,"success_fraction":0.005,"failure_fraction":0.05,"response_headers":["Via"]}
16:52:30.708 [pool-1-thread-4] DEBUG karate.org.apache.http.headers - http-outgoing-2 << Connection: keep-alive
16:52:30.708 [pool-1-thread-3] DEBUG com.jayway.jsonpath.internal.path.CompiledPath - Evaluating path: $
16:52:30.708 [pool-1-thread-4] DEBUG karate.org.apache.http.headers - http-outgoing-2 << X-Powered-By: Express
16:52:30.712 [pool-1-thread-4] DEBUG karate.org.apache.http.headers - http-outgoing-2 << Content-Type: application/json; charset=utf-8
16:52:30.712 [pool-1-thread-4] DEBUG karate.org.apache.http.headers - http-outgoing-2 << Content-Length: 13846
16:52:30.712 [pool-1-thread-4] DEBUG karate.org.apache.http.headers - http-outgoing-2 << Etag: W/"3616-Y0fmJhu0wCrMqT7gfJyCLzwG2GA"
16:52:30.712 [pool-1-thread-4] DEBUG karate.org.apache.http.headers - http-outgoing-2 << Date: Fri, 23 Aug 2024 21:52:29 GMT
16:52:30.712 [pool-1-thread-4] DEBUG karate.org.apache.http.headers - http-outgoing-2 << Via: 1.1 vegur
16:52:30.712 [pool-1-thread-4] DEBUG karate.org.apache.http.impl.execchain.MainClientExec - Connection can be kept alive indefinitely
16:52:30.713 [pool-1-thread-4] DEBUG karate.org.apache.http.wire - http-outgoing-2 << "81},{"bookingid":769},{"bookingid":9},{"bookingid":793},{"bookingid":417},{"bookingid":706},{"bookingid":220},{"bookingid":84},{"bookingid":237},{"bookingid":1069},{"bookingid":935},{"bookingid":102},{"bookingid":984},{"bookingid":708},{"bookingid":523},{"bookingid":1038},{"bookingid":925},{"bookingid":1000},{"bookingid":17},{"bookingid":758},{"bookingid":639},{"bookingid":1085},{"bookingid":1105},{"bookingid":1003},{"bookingid":567},{"bookingid":946},{"bookingid":2},{"bookingid":817},{"bookingid":414},{"bookingid":715},{"bookingid":73},{"bookingid":789},{"bookingid":683},{"bookingid":177},{"bookingid":1094},{"bookingid":885},{"bookingid":811},{"bookingid":829},{"bookingid":689},{"bookingid":385},{"bookingid":653},{"bookingid":843},{"bookingid":963},{"bookingid":206},{"bookingid":833},{"bookingid":665},{"bookingid":1077},{"bookingid":409},{"bookingid":155},{"bookingid":574},{"bookingid":129},{"bookingid":96},{"bookingid":991},{"bookingid":234},{"bookingid":996},{"bookingid":204},{"bookingid":97},{"bookingid":"
[...]
[THYMELEAF]             * [* {th:vspace,data-th-vspace}] [1000]: karate.org.thymeleaf.standard.processor.StandardRemovableAttributeTagProcessor
[THYMELEAF]             * [* {th:classid,data-th-classid}] [1000]: karate.org.thymeleaf.standard.processor.StandardRemovableAttributeTagProcessor
[THYMELEAF]             * [* {th:marginwidth,data-th-marginwidth}] [1000]: karate.org.thymeleaf.standard.processor.StandardRemovableAttributeTagProcessor
[THYMELEAF]             * [* {th:manifest,data-th-manifest}] [1000]: karate.org.thymeleaf.standard.processor.StandardRemovableAttributeTagProcessor
[THYMELEAF]             * [* {th:headers,data-th-headers}] [1000]: karate.org.thymeleaf.standard.processor.StandardRemovableAttributeTagProcessor
[THYMELEAF]             * [* {th:accept-charset,data-th-accept-charset}] [1000]: karate.org.thymeleaf.standard.processor.StandardRemovableAttributeTagProcessor
[THYMELEAF]             * [* {th:contextmenu,data-th-contextmenu}] [1000]: karate.org.thymeleaf.standard.processor.StandardRemovableAttributeTagProcessor
[THYMELEAF]             * [* {th:dropzone,data-th-dropzone}] [1000]: karate.org.thymeleaf.standard.processor.StandardRemovableAttributeTagProcessor
[THYMELEAF]             * [* {th:scheme,data-th-scheme}] [1000]: karate.org.thymeleaf.standard.processor.StandardRemovableAttributeTagProcessor
[THYMELEAF]             * [* {th:scope,data-th-scope}] [1000]: karate.org.thymeleaf.standard.processor.StandardRemovableAttributeTagProcessor
[THYMELEAF]             * [* {th:target,data-th-target}] [1000]: karate.org.thymeleaf.standard.processor.StandardRemovableAttributeTagProcessor
[THYMELEAF]             * [* {th:lang,data-th-lang}] [1000]: karate.org.thymeleaf.standard.processor.StandardRemovableAttributeTagProcessor
[THYMELEAF]             * [* {th:draggable,data-th-draggable}] [1000]: karate.org.thymeleaf.standard.processor.StandardRemovableAttributeTagProcessor
[THYMELEAF]             * [* {th:abbr,data-th-abbr}] [1000]: karate.org.thymeleaf.standard.processor.StandardRemovableAttributeTagProcessor
[THYMELEAF]             * [* {th:codetype,data-th-codetype}] [1000]: karate.org.thymeleaf.standard.processor.StandardRemovableAttributeTagProcessor
[THYMELEAF]             * [* {th:srclang,data-th-srclang}] [1000]: karate.org.thymeleaf.standard.processor.StandardRemovableAttributeTagProcessor
[THYMELEAF]             * [* {th:background,data-th-background}] [1000]: karate.org.thymeleaf.standard.processor.StandardRemovableAttributeTagProcessor
[THYMELEAF]             * [* {th:id,data-th-id}] [1000]: karate.org.thymeleaf.standard.processor.StandardRemovableAttributeTagProcessor
[THYMELEAF]             * [* {th:http-equiv,data-th-http-equiv}] [1000]: karate.org.thymeleaf.standard.processor.StandardRemovableAttributeTagProcessor
[THYMELEAF]             * [* {th:usemap,data-th-usemap}] [1000]: karate.org.thymeleaf.standard.processor.StandardRemovableAttributeTagProcessor
[THYMELEAF]             * [* {th:label,data-th-label}] [1000]: karate.org.thymeleaf.standard.processor.StandardRemovableAttributeTagProcessor
[THYMELEAF]             * [* {th:rel,data-th-rel}] [1000]: karate.org.thymeleaf.standard.processor.StandardRemovableAttributeTagProcessor
[THYMELEAF]             * [* {th:standby,data-th-standby}] [1000]: karate.org.thymeleaf.standard.processor.StandardRemovableAttributeTagProcessor
[THYMELEAF]             * [* {th:accesskey,data-th-accesskey}] [1000]: karate.org.thymeleaf.standard.processor.StandardRemovableAttributeTagProcessor
[THYMELEAF]             * [* {th:pattern,data-th-pattern}] [1000]: karate.org.thymeleaf.standard.processor.StandardRemovableAttributeTagProcessor
[THYMELEAF]             * [* {th:rev,data-th-rev}] [1000]: karate.org.thymeleaf.standard.processor.StandardRemovableAttributeTagProcessor
[THYMELEAF]             * [* {th:icon,data-th-icon}] [1000]: karate.org.thymeleaf.standard.processor.StandardRemovableAttributeTagProcessor
[THYMELEAF]             * [* {th:codebase,data-th-codebase}] [1000]: karate.org.thymeleaf.standard.processor.StandardRemovableAttributeTagProcessor
[THYMELEAF]             * [* {th:form,data-th-form}] [1000]: karate.org.thymeleaf.standard.processor.StandardRemovableAttributeTagProcessor
[THYMELEAF]             * [* {th:cite,data-th-cite}] [1000]: karate.org.thymeleaf.standard.processor.StandardRemovableAttributeTagProcessor
[THYMELEAF]             * [* {th:formenctype,data-th-formenctype}] [1000]: karate.org.thymeleaf.standard.processor.StandardRemovableAttributeTagProcessor
[THYMELEAF]             * [* {th:src,data-th-src}] [1000]: karate.org.thymeleaf.standard.processor.StandardSrcTagProcessor
[THYMELEAF]             * [* {th:value,data-th-value}] [1000]: karate.org.thymeleaf.standard.processor.StandardValueTagProcessor
[THYMELEAF]             * [* {th:xmlbase,data-th-xmlbase}] [1000]: karate.org.thymeleaf.standard.processor.StandardXmlBaseTagProcessor
[THYMELEAF]             * [* {th:xmllang,data-th-xmllang}] [1000]: karate.org.thymeleaf.standard.processor.StandardXmlLangTagProcessor
[THYMELEAF]             * [* {xmlns:th}] [1000]: karate.org.thymeleaf.standard.processor.StandardXmlNsTagProcessor
[THYMELEAF]             * [* {th:xmlspace,data-th-xmlspace}] [1000]: karate.org.thymeleaf.standard.processor.StandardXmlSpaceTagProcessor
[THYMELEAF]             * [* {th:classappend,data-th-classappend}] [1100]: karate.org.thymeleaf.standard.processor.StandardClassappendTagProcessor
[THYMELEAF]             * [* {th:styleappend,data-th-styleappend}] [1100]: karate.org.thymeleaf.standard.processor.StandardStyleappendTagProcessor
[THYMELEAF]             * [* {th:text,data-th-text}] [1300]: karate.org.thymeleaf.standard.processor.StandardTextTagProcessor
[THYMELEAF]             * [* {th:utext,data-th-utext}] [1400]: karate.org.thymeleaf.standard.processor.StandardUtextTagProcessor
[THYMELEAF]             * [* {th:fragment,data-th-fragment}] [1500]: karate.org.thymeleaf.standard.processor.StandardFragmentTagProcessor
[THYMELEAF]             * [* {th:assert,data-th-assert}] [1550]: karate.org.thymeleaf.standard.processor.StandardAssertTagProcessor
[THYMELEAF]             * [* {th:remove,data-th-remove}] [1600]: karate.org.thymeleaf.standard.processor.StandardRemoveTagProcessor
[THYMELEAF]             * [* {th:ref,data-th-ref}] [10000]: karate.org.thymeleaf.standard.processor.StandardRefAttributeTagProcessor
[THYMELEAF]             * [{th:block,th-block} *] [100000]: karate.org.thymeleaf.standard.processor.StandardBlockTagProcessor
[THYMELEAF]             * [* th:*] [2147483647]: karate.org.thymeleaf.standard.processor.StandardDefaultAttributesTagProcessor
[THYMELEAF]         * Text Processors by [precedence]:
[THYMELEAF]             * [1000]: karate.org.thymeleaf.standard.processor.StandardInliningTextProcessor
[THYMELEAF]         * DOCTYPE Processors by [precedence]:
[THYMELEAF]             * [1000]: karate.org.thymeleaf.standard.processor.StandardTranslationDocTypeProcessor
[THYMELEAF]         * CDATA Section Processors by [precedence]:
[THYMELEAF]             * [1000]: karate.org.thymeleaf.standard.processor.StandardInliningCDATASectionProcessor
[THYMELEAF]         * Comment Processors by [precedence]:
[THYMELEAF]             * [1000]: karate.org.thymeleaf.standard.processor.StandardInliningCommentProcessor
[THYMELEAF]             * [1100]: karate.org.thymeleaf.standard.processor.StandardConditionalCommentProcessor
[THYMELEAF]     * Processors for Template Mode: XML
[THYMELEAF]         * Element Tag Processors by [matching element and attribute name] [precedence]:
[THYMELEAF]             * [* {th:include}] [100]: karate.org.thymeleaf.standard.processor.StandardIncludeTagProcessor
[THYMELEAF]             * [* {th:insert}] [100]: karate.org.thymeleaf.standard.processor.StandardInsertTagProcessor
[THYMELEAF]             * [* {th:replace}] [100]: karate.org.thymeleaf.standard.processor.StandardReplaceTagProcessor
[THYMELEAF]             * [* {th:substituteby}] [100]: karate.org.thymeleaf.standard.processor.StandardSubstituteByTagProcessor
[THYMELEAF]             * [* {th:each}] [200]: com.intuit.karate.template.KarateEachTagProcessor
[THYMELEAF]             * [* {th:switch}] [250]: karate.org.thymeleaf.standard.processor.StandardSwitchTagProcessor
[THYMELEAF]             * [* {th:case}] [275]: karate.org.thymeleaf.standard.processor.StandardCaseTagProcessor
[THYMELEAF]             * [* {th:if}] [300]: karate.org.thymeleaf.standard.processor.StandardIfTagProcessor
[THYMELEAF]             * [* {th:unless}] [400]: karate.org.thymeleaf.standard.processor.StandardUnlessTagProcessor
[THYMELEAF]             * [* {th:object}] [500]: karate.org.thymeleaf.standard.processor.StandardObjectTagProcessor
[THYMELEAF]             * [* {th:with}] [600]: com.intuit.karate.template.KarateWithTagProcessor
[THYMELEAF]             * [* {th:attr}] [700]: com.intuit.karate.template.KarateAttributeTagProcessor.KarateAttrTagProcessor
[THYMELEAF]             * [* {th:attrappend}] [900]: com.intuit.karate.template.KarateAttributeTagProcessor.KarateAttrappendTagProcessor
[THYMELEAF]             * [* {th:attrprepend}] [900]: com.intuit.karate.template.KarateAttributeTagProcessor.KarateAttrprependTagProcessor
[THYMELEAF]             * [* {th:inline}] [1000]: karate.org.thymeleaf.standard.processor.StandardInlineXMLTagProcessor
[THYMELEAF]             * [* {xmlns:th}] [1000]: karate.org.thymeleaf.standard.processor.StandardXmlNsTagProcessor
[THYMELEAF]             * [* {th:text}] [1300]: karate.org.thymeleaf.standard.processor.StandardTextTagProcessor
[THYMELEAF]             * [* {th:utext}] [1400]: karate.org.thymeleaf.standard.processor.StandardUtextTagProcessor
[THYMELEAF]             * [* {th:fragment}] [1500]: karate.org.thymeleaf.standard.processor.StandardFragmentTagProcessor
[THYMELEAF]             * [* {th:assert}] [1550]: karate.org.thymeleaf.standard.processor.StandardAssertTagProcessor
[THYMELEAF]             * [* {th:remove}] [1600]: karate.org.thymeleaf.standard.processor.StandardRemoveTagProcessor
[THYMELEAF]             * [* {th:ref}] [10000]: karate.org.thymeleaf.standard.processor.StandardRefAttributeTagProcessor
[THYMELEAF]             * [{th:block} *] [100000]: karate.org.thymeleaf.standard.processor.StandardBlockTagProcessor
[THYMELEAF]             * [* th:*] [2147483647]: karate.org.thymeleaf.standard.processor.StandardDefaultAttributesTagProcessor
[THYMELEAF]         * Text Processors by [precedence]:
[THYMELEAF]             * [1000]: karate.org.thymeleaf.standard.processor.StandardInliningTextProcessor
[THYMELEAF]         * CDATA Section Processors by [precedence]:
[THYMELEAF]             * [1000]: karate.org.thymeleaf.standard.processor.StandardInliningCDATASectionProcessor
[THYMELEAF]         * Comment Processors by [precedence]:
[THYMELEAF]             * [1000]: karate.org.thymeleaf.standard.processor.StandardInliningCommentProcessor
[THYMELEAF]     * Processors for Template Mode: TEXT
[THYMELEAF]         * Element Tag Processors by [matching element and attribute name] [precedence]:
[THYMELEAF]             * [* {th:insert}] [100]: karate.org.thymeleaf.standard.processor.StandardInsertTagProcessor
[THYMELEAF]             * [* {th:replace}] [100]: karate.org.thymeleaf.standard.processor.StandardReplaceTagProcessor
[THYMELEAF]             * [* {th:each}] [200]: com.intuit.karate.template.KarateEachTagProcessor
[THYMELEAF]             * [* {th:switch}] [250]: karate.org.thymeleaf.standard.processor.StandardSwitchTagProcessor
[THYMELEAF]             * [* {th:case}] [275]: karate.org.thymeleaf.standard.processor.StandardCaseTagProcessor
[THYMELEAF]             * [* {th:if}] [300]: karate.org.thymeleaf.standard.processor.StandardIfTagProcessor
[THYMELEAF]             * [* {th:unless}] [400]: karate.org.thymeleaf.standard.processor.StandardUnlessTagProcessor
[THYMELEAF]             * [* {th:object}] [500]: karate.org.thymeleaf.standard.processor.StandardObjectTagProcessor
[THYMELEAF]             * [* {th:with}] [600]: com.intuit.karate.template.KarateWithTagProcessor
[THYMELEAF]             * [* {th:inline}] [1000]: karate.org.thymeleaf.standard.processor.StandardInlineTextualTagProcessor
[THYMELEAF]             * [* {th:text}] [1300]: karate.org.thymeleaf.standard.processor.StandardTextTagProcessor
[THYMELEAF]             * [* {th:utext}] [1400]: karate.org.thymeleaf.standard.processor.StandardUtextTagProcessor
[THYMELEAF]             * [* {th:assert}] [1550]: karate.org.thymeleaf.standard.processor.StandardAssertTagProcessor
[THYMELEAF]             * [* {th:remove}] [1600]: karate.org.thymeleaf.standard.processor.StandardRemoveTagProcessor
[THYMELEAF]             * [* 100000] [karate.org.thymeleaf.standard.processor.StandardBlockTagProcessor]: {}
[THYMELEAF]             * [{th:block} *] [100000]: karate.org.thymeleaf.standard.processor.StandardBlockTagProcessor
[THYMELEAF]         * Text Processors by [precedence]:
[THYMELEAF]             * [1000]: karate.org.thymeleaf.standard.processor.StandardInliningTextProcessor
[THYMELEAF]     * Processors for Template Mode: JAVASCRIPT
[THYMELEAF]         * Element Tag Processors by [matching element and attribute name] [precedence]:
[THYMELEAF]             * [* {th:insert}] [100]: karate.org.thymeleaf.standard.processor.StandardInsertTagProcessor
[THYMELEAF]             * [* {th:replace}] [100]: karate.org.thymeleaf.standard.processor.StandardReplaceTagProcessor
[THYMELEAF]             * [* {th:each}] [200]: com.intuit.karate.template.KarateEachTagProcessor
[THYMELEAF]             * [* {th:switch}] [250]: karate.org.thymeleaf.standard.processor.StandardSwitchTagProcessor
[THYMELEAF]             * [* {th:case}] [275]: karate.org.thymeleaf.standard.processor.StandardCaseTagProcessor
[THYMELEAF]             * [* {th:if}] [300]: karate.org.thymeleaf.standard.processor.StandardIfTagProcessor
[THYMELEAF]             * [* {th:unless}] [400]: karate.org.thymeleaf.standard.processor.StandardUnlessTagProcessor
[THYMELEAF]             * [* {th:object}] [500]: karate.org.thymeleaf.standard.processor.StandardObjectTagProcessor
[THYMELEAF]             * [* {th:with}] [600]: com.intuit.karate.template.KarateWithTagProcessor
[THYMELEAF]             * [* {th:inline}] [1000]: karate.org.thymeleaf.standard.processor.StandardInlineTextualTagProcessor
[THYMELEAF]             * [* {th:text}] [1300]: karate.org.thymeleaf.standard.processor.StandardTextTagProcessor
[THYMELEAF]             * [* {th:utext}] [1400]: karate.org.thymeleaf.standard.processor.StandardUtextTagProcessor
[THYMELEAF]             * [* {th:assert}] [1550]: karate.org.thymeleaf.standard.processor.StandardAssertTagProcessor
[THYMELEAF]             * [* {th:remove}] [1600]: karate.org.thymeleaf.standard.processor.StandardRemoveTagProcessor
[THYMELEAF]             * [{th:block} *] [100000]: karate.org.thymeleaf.standard.processor.StandardBlockTagProcessor
[THYMELEAF]             * [* 100000] [karate.org.thymeleaf.standard.processor.StandardBlockTagProcessor]: {}
[THYMELEAF]         * Text Processors by [precedence]:
[THYMELEAF]             * [1000]: karate.org.thymeleaf.standard.processor.StandardInliningTextProcessor
[THYMELEAF]     * Processors for Template Mode: CSS
[THYMELEAF]         * Element Tag Processors by [matching element and attribute name] [precedence]:
[THYMELEAF]             * [* {th:insert}] [100]: karate.org.thymeleaf.standard.processor.StandardInsertTagProcessor
[THYMELEAF]             * [* {th:replace}] [100]: karate.org.thymeleaf.standard.processor.StandardReplaceTagProcessor
[THYMELEAF]             * [* {th:each}] [200]: com.intuit.karate.template.KarateEachTagProcessor
[THYMELEAF]             * [* {th:switch}] [250]: karate.org.thymeleaf.standard.processor.StandardSwitchTagProcessor
[THYMELEAF]             * [* {th:case}] [275]: karate.org.thymeleaf.standard.processor.StandardCaseTagProcessor
[THYMELEAF]             * [* {th:if}] [300]: karate.org.thymeleaf.standard.processor.StandardIfTagProcessor
[THYMELEAF]             * [* {th:unless}] [400]: karate.org.thymeleaf.standard.processor.StandardUnlessTagProcessor
[THYMELEAF]             * [* {th:object}] [500]: karate.org.thymeleaf.standard.processor.StandardObjectTagProcessor
[THYMELEAF]             * [* {th:with}] [600]: com.intuit.karate.template.KarateWithTagProcessor
[THYMELEAF]             * [* {th:inline}] [1000]: karate.org.thymeleaf.standard.processor.StandardInlineTextualTagProcessor
[THYMELEAF]             * [* {th:text}] [1300]: karate.org.thymeleaf.standard.processor.StandardTextTagProcessor
[THYMELEAF]             * [* {th:utext}] [1400]: karate.org.thymeleaf.standard.processor.StandardUtextTagProcessor
[THYMELEAF]             * [* {th:assert}] [1550]: karate.org.thymeleaf.standard.processor.StandardAssertTagProcessor
[THYMELEAF]             * [* {th:remove}] [1600]: karate.org.thymeleaf.standard.processor.StandardRemoveTagProcessor
[THYMELEAF]             * [* 100000] [karate.org.thymeleaf.standard.processor.StandardBlockTagProcessor]: {}
[THYMELEAF]             * [{th:block} *] [100000]: karate.org.thymeleaf.standard.processor.StandardBlockTagProcessor
[THYMELEAF]         * Text Processors by [precedence]:
[THYMELEAF]             * [1000]: karate.org.thymeleaf.standard.processor.StandardInliningTextProcessor
[THYMELEAF]     * Expression Objects:
[THYMELEAF]         * #ctx
[THYMELEAF]         * #root
[THYMELEAF]         * #vars
[THYMELEAF]         * #object
[THYMELEAF]         * #locale
[THYMELEAF]         * #request
[THYMELEAF]         * #response
[THYMELEAF]         * #session
[THYMELEAF]         * #servletContext
[THYMELEAF]         * #conversions
[THYMELEAF]         * #uris
[THYMELEAF]         * #calendars
[THYMELEAF]         * #dates
[THYMELEAF]         * #bools
[THYMELEAF]         * #numbers
[THYMELEAF]         * #objects
[THYMELEAF]         * #strings
[THYMELEAF]         * #arrays
[THYMELEAF]         * #lists
[THYMELEAF]         * #sets
[THYMELEAF]         * #maps
[THYMELEAF]         * #aggregates
[THYMELEAF]         * #messages
[THYMELEAF]         * #ids
[THYMELEAF]         * #execInfo
[THYMELEAF]         * #httpServletRequest
[THYMELEAF]         * #httpSession
[THYMELEAF]     * Execution Attributes:
[THYMELEAF]         * "StandardExpressionParser": com.intuit.karate.template.KarateStandardDialect@4d60db5f
[THYMELEAF]         * "StandardJavaScriptSerializer": karate.org.thymeleaf.standard.serializer.StandardJavaScriptSerializer@7c8cebba
[THYMELEAF]         * "StandardCSSSerializer": karate.org.thymeleaf.standard.serializer.StandardCSSSerializer@5ae064a7
[THYMELEAF]         * "StandardVariableExpressionEvaluator": com.intuit.karate.template.KarateStandardDialect@4d60db5f
[THYMELEAF]         * "StandardConversionService": karate.org.thymeleaf.standard.expression.StandardConversionService@5e237655
[THYMELEAF] * Dialect [2 of 2]: karate (com.intuit.karate.template.KarateScriptDialect)
[THYMELEAF]     * Prefix: "ka"
[THYMELEAF]     * Processors for Template Mode: HTML
[THYMELEAF]         * Element Tag Processors by [matching element and attribute name] [precedence]:
[THYMELEAF]             * [* {src}] [1000]: com.intuit.karate.template.KaScriptAttrProcessor
[THYMELEAF]         * Element Model Processors by [matching element and attribute name] [precedence]:
[THYMELEAF]             * [{script} {ka:scope,data-ka-scope}] [1000]: com.intuit.karate.template.KaScriptElemProcessor
[THYMELEAF]             * [* {ka:set,data-ka-set}] [1000]: com.intuit.karate.template.KaSetElemProcessor
[THYMELEAF] TEMPLATE ENGINE CONFIGURED OK
16:52:32.979 [Test worker] DEBUG karate.org.thymeleaf.TemplateEngine - [THYMELEAF] TEMPLATE ENGINE INITIALIZED

HTML report: (paste into browser to view) | Karate version: 1.1.0
file:///C:/Users/nanit/Documents/Angela/Reto%20T-Evolvers/Reto_Api_Karate/build/karate-reports/karate-summary.html
===================================================================

]]></system-out>
  <system-err><![CDATA[]]></system-err>
</testsuite>
